<?xml version="1.0" encoding="UTF-8"?>
<robot generator="Robot 3.2.2 (Python 3.9.1 on darwin)" generated="20210208 08:41:46.990" rpa="false">
<suite id="s1" name="Tests" source="/Users/shraddhapulse/PycharmProjects/ApiTesting/Tests">
<suite id="s1-s1" name="PostApiTest" source="/Users/shraddhapulse/PycharmProjects/ApiTesting/Tests/PostApiTest.robot">
<kw name="Suite Setup" library="Common" type="setup">
<kw name="Create Session" library="RequestsLibrary">
<doc>Create Session: create a HTTP session to a server</doc>
<arguments>
<arg>jsonplaceholder</arg>
<arg>${BASE_URL}</arg>
</arguments>
<msg timestamp="20210208 08:41:47.180" level="INFO">Creating Session using : alias=jsonplaceholder, url=http://jsonplaceholder.typicode.com, headers={},                     cookies={}, auth=None, timeout=None, proxies=None, verify=False,                     debug=0 </msg>
<status status="PASS" starttime="20210208 08:41:47.179" endtime="20210208 08:41:47.180"></status>
</kw>
<status status="PASS" starttime="20210208 08:41:47.179" endtime="20210208 08:41:47.180"></status>
</kw>
<test id="s1-s1-t1" name="To verify all posts for all users and validate response fields">
<kw name="Get API Response For Post Route" library="GetPostApi">
<kw name="Wait Until Keyword Succeeds" library="BuiltIn">
<doc>Runs the specified keyword and retries if it fails.</doc>
<arguments>
<arg>${GLOBAL_RETRY_AMOUNT}</arg>
<arg>${GLOBAL_RETRY_INTERVAL}</arg>
<arg>GET API request</arg>
<arg>${POST_RESOURCE}</arg>
</arguments>
<assign>
<var>${response}</var>
</assign>
<kw name="GET API request" library="GetPostApi">
<arguments>
<arg>${POST_RESOURCE}</arg>
</arguments>
<kw name="Get On Session" library="RequestsLibrary">
<doc>Sends a GET request on a previously created HTTP Session.</doc>
<arguments>
<arg>jsonplaceholder</arg>
<arg>url=${Uri}</arg>
</arguments>
<assign>
<var>${response}</var>
</assign>
<msg timestamp="20210208 08:41:47.238" level="INFO">GET Request : url=http://jsonplaceholder.typicode.com/posts/ 
 path_url=/posts/ 
 headers={'User-Agent': 'python-requests/2.25.1', 'Accept-Encoding': 'gzip, deflate', 'Accept': '*/*', 'Connection': 'keep-alive'} 
 body=None 
 </msg>
<msg timestamp="20210208 08:41:47.238" level="INFO">GET Response : url=http://jsonplaceholder.typicode.com/posts/ 
 status=200, reason=OK 
 headers={'Date': 'Mon, 08 Feb 2021 13:41:47 GMT', 'Content-Type': 'application/json; charset=utf-8', 'Transfer-Encoding': 'chunked', 'Connection': 'keep-alive', 'Set-Cookie': '__cfduid=ddf19f34670624b84ec1895b16dc27c461612791707; expires=Wed, 10-Mar-21 13:41:47 GMT; path=/; domain=.typicode.com; HttpOnly; SameSite=Lax', 'X-Powered-By': 'Express', 'X-Ratelimit-Limit': '1000', 'X-Ratelimit-Remaining': '999', 'X-Ratelimit-Reset': '1607574725', 'Vary': 'Origin, Accept-Encoding', 'Access-Control-Allow-Credentials': 'true', 'Cache-Control': 'max-age=43200', 'Pragma': 'no-cache', 'Expires': '-1', 'X-Content-Type-Options': 'nosniff', 'Etag': 'W/"6b80-Ybsq/K6GwwqrYkAsFxqDXGC7DoM"', 'Content-Encoding': 'gzip', 'Via': '1.1 vegur', 'CF-Cache-Status': 'HIT', 'Age': '20846', 'cf-request-id': '0823798e680000e7482b2a3000000001', 'Report-To': '{"endpoints":[{"url":"https:\\/\\/a.nel.cloudflare.com\\/report?s=JkEOASrvvxcfP%2B96Fcmz0qYZ07fCJ4pGxrs2WGM7DksjxVzdmTrZU1KKXe%2BEtBw4tTFGAef%2F9it09IOJQxCikLzU5B15T%2FXNni1YkpG3dQHEiZyKHf0LXWkfeftw"}],"group":"cf-nel","max_age":604800}', 'NEL': '{"report_to":"cf-nel","max_age":604800}', 'Server': 'cloudflare', 'CF-RAY': '61e5c52a48cbe748-EWR'} 
 body=[
  {
    "userId": 1,
    "id": 1,
    "title": "sunt aut facere repellat provident occaecati excepturi optio reprehenderit",
    "body": "quia et suscipit\nsuscipit recusandae consequuntur expedita et cum\nreprehenderit molestiae ut ut quas totam\nnostrum rerum est autem sunt rem eveniet architecto"
  },
  {
    "userId": 1,
    "id": 2,
    "title": "qui est esse",
    "body": "est rerum tempore vitae\nsequi sint nihil reprehenderit dolor beatae ea dolores neque\nfugiat blanditiis voluptate porro vel nihil molestiae ut reiciendis\nqui aperiam non debitis possimus qui neque nisi nulla"
  },
  {
    "userId": 1,
    "id": 3,
    "title": "ea molestias quasi exercitationem repellat qui ipsa sit aut",
    "body": "et iusto sed quo iure\nvoluptatem occaecati omnis eligendi aut ad\nvoluptatem doloribus vel accusantium quis pariatur\nmolestiae porro eius odio et labore et velit aut"
  },
  {
    "userId": 1,
    "id": 4,
    "title": "eum et est occaecati",
    "body": "ullam et saepe reiciendis voluptatem adipisci\nsit amet autem assumenda provident rerum culpa\nquis hic commodi nesciunt rem tenetur doloremque ipsam iure\nquis sunt voluptatem rerum illo velit"
  },
  {
    "userId": 1,
    "id": 5,
    "title": "nesciunt quas odio",
    "body": "repudiandae veniam quaerat sunt sed\nalias aut fugiat sit autem sed est\nvoluptatem omnis possimus esse voluptatibus quis\nest aut tenetur dolor neque"
  },
  {
    "userId": 1,
    "id": 6,
    "title": "dolorem eum magni eos aperiam quia",
    "body": "ut aspernatur corporis harum nihil quis provident sequi\nmollitia nobis aliquid molestiae\nperspiciatis et ea nemo ab reprehenderit accusantium quas\nvoluptate dolores velit et doloremque molestiae"
  },
  {
    "userId": 1,
    "id": 7,
    "title": "magnam facilis autem",
    "body": "dolore placeat quibusdam ea quo vitae\nmagni quis enim qui quis quo nemo aut saepe\nquidem repellat excepturi ut quia\nsunt ut sequi eos ea sed quas"
  },
  {
    "userId": 1,
    "id": 8,
    "title": "dolorem dolore est ipsam",
    "body": "dignissimos aperiam dolorem qui eum\nfacilis quibusdam animi sint suscipit qui sint possimus cum\nquaerat magni maiores excepturi\nipsam ut commodi dolor voluptatum modi aut vitae"
  },
  {
    "userId": 1,
    "id": 9,
    "title": "nesciunt iure omnis dolorem tempora et accusantium",
    "body": "consectetur animi nesciunt iure dolore\nenim quia ad\nveniam autem ut quam aut nobis\net est aut quod aut provident voluptas autem voluptas"
  },
  {
    "userId": 1,
    "id": 10,
    "title": "optio molestias id quia eum",
    "body": "quo et expedita modi cum officia vel magni\ndoloribus qui repudiandae\nvero nisi sit\nquos veniam quod sed accusamus veritatis error"
  },
  {
    "userId": 2,
    "id": 11,
    "title": "et ea vero quia laudantium autem",
    "body": "delectus reiciendis molestiae occaecati non minima eveniet qui voluptatibus\naccusamus in eum beatae sit\nvel qui neque voluptates ut commodi qui incidunt\nut animi commodi"
  },
  {
    "userId": 2,
    "id": 12,
    "title": "in quibusdam tempore odit est dolorem",
    "body": "itaque id aut magnam\npraesentium quia et ea odit et ea voluptas et\nsapiente quia nihil amet occaecati quia id voluptatem\nincidunt ea est distinctio odio"
  },
  {
    "userId": 2,
    "id": 13,
    "title": "dolorum ut in voluptas mollitia et saepe quo animi",
    "body": "aut dicta possimus sint mollitia voluptas commodi quo doloremque\niste corrupti reiciendis voluptatem eius rerum\nsit cumque quod eligendi laborum minima\nperferendis recusandae assumenda consectetur porro architecto ipsum ipsam"
  },
  {
    "userId": 2,
    "id": 14,
    "title": "voluptatem eligendi optio",
    "body": "fuga et accusamus dolorum perferendis illo voluptas\nnon doloremque neque facere\nad qui dolorum molestiae beatae\nsed aut voluptas totam sit illum"
  },
  {
    "userId": 2,
    "id": 15,
    "title": "eveniet quod temporibus",
    "body": "reprehenderit quos placeat\nvelit minima officia dolores impedit repudiandae molestiae nam\nvoluptas recusandae quis delectus\nofficiis harum fugiat vitae"
  },
  {
    "userId": 2,
    "id": 16,
    "title": "sint suscipit perspiciatis velit dolorum rerum ipsa laboriosam odio",
    "body": "suscipit nam nisi quo aperiam aut\nasperiores eos fugit maiores voluptatibus quia\nvoluptatem quis ullam qui in alias quia est\nconsequatur magni mollitia accusamus ea nisi voluptate dicta"
  },
  {
    "userId": 2,
    "id": 17,
    "title": "fugit voluptas sed molestias voluptatem provident",
    "body": "eos voluptas et aut odit natus earum\naspernatur fuga molestiae ullam\ndeserunt ratione qui eos\nqui nihil ratione nemo velit ut aut id quo"
  },
  {
    "userId": 2,
    "id": 18,
    "title": "voluptate et itaque vero tempora molestiae",
    "body": "eveniet quo quis\nlaborum totam consequatur non dolor\nut et est repudiandae\nest voluptatem vel debitis et magnam"
  },
  {
    "userId": 2,
    "id": 19,
    "title": "adipisci placeat illum aut reiciendis qui",
    "body": "illum quis cupiditate provident sit magnam\nea sed aut omnis\nveniam maiores ullam consequatur atque\nadipisci quo iste expedita sit quos voluptas"
  },
  {
    "userId": 2,
    "id": 20,
    "title": "doloribus ad provident suscipit at",
    "body": "qui consequuntur ducimus possimus quisquam amet similique\nsuscipit porro ipsam amet\neos veritatis officiis exercitationem vel fugit aut necessitatibus totam\nomnis rerum consequatur expedita quidem cumque explicabo"
  },
  {
    "userId": 3,
    "id": 21,
    "title": "asperiores ea ipsam voluptatibus modi minima quia sint",
    "body": "repellat aliquid praesentium dolorem quo\nsed totam minus non itaque\nnihil labore molestiae sunt dolor eveniet hic recusandae veniam\ntempora et tenetur expedita sunt"
  },
  {
    "userId": 3,
    "id": 22,
    "title": "dolor sint quo a velit explicabo quia nam",
    "body": "eos qui et ipsum ipsam suscipit aut\nsed omnis non odio\nexpedita earum mollitia molestiae aut atque rem suscipit\nnam impedit esse"
  },
  {
    "userId": 3,
    "id": 23,
    "title": "maxime id vitae nihil numquam",
    "body": "veritatis unde neque eligendi\nquae quod architecto quo neque vitae\nest illo sit tempora doloremque fugit quod\net et vel beatae sequi ullam sed tenetur perspiciatis"
  },
  {
    "userId": 3,
    "id": 24,
    "title": "autem hic labore sunt dolores incidunt",
    "body": "enim et ex nulla\nomnis voluptas quia qui\nvoluptatem consequatur numquam aliquam sunt\ntotam recusandae id dignissimos aut sed asperiores deserunt"
  },
  {
    "userId": 3,
    "id": 25,
    "title": "rem alias distinctio quo quis",
    "body": "ullam consequatur ut\nomnis quis sit vel consequuntur\nipsa eligendi ipsum molestiae et omnis error nostrum\nmolestiae illo tempore quia et distinctio"
  },
  {
    "userId": 3,
    "id": 26,
    "title": "est et quae odit qui non",
    "body": "similique esse doloribus nihil accusamus\nomnis dolorem fuga consequuntur reprehenderit fugit recusandae temporibus\nperspiciatis cum ut laudantium\nomnis aut molestiae vel vero"
  },
  {
    "userId": 3,
    "id": 27,
    "title": "quasi id et eos tenetur aut quo autem",
    "body": "eum sed dolores ipsam sint possimus debitis occaecati\ndebitis qui qui et\nut placeat enim earum aut odit facilis\nconsequatur suscipit necessitatibus rerum sed inventore temporibus consequatur"
  },
  {
    "userId": 3,
    "id": 28,
    "title": "delectus ullam et corporis nulla voluptas sequi",
    "body": "non et quaerat ex quae ad maiores\nmaiores recusandae totam aut blanditiis mollitia quas illo\nut voluptatibus voluptatem\nsimilique nostrum eum"
  },
  {
    "userId": 3,
    "id": 29,
    "title": "iusto eius quod necessitatibus culpa ea",
    "body": "odit magnam ut saepe sed non qui\ntempora atque nihil\naccusamus illum doloribus illo dolor\neligendi repudiandae odit magni similique sed cum maiores"
  },
  {
    "userId": 3,
    "id": 30,
    "title": "a quo magni similique perferendis",
    "body": "alias dolor cumque\nimpedit blanditiis non eveniet odio maxime\nblanditiis amet eius quis tempora quia autem rem\na provident perspiciatis quia"
  },
  {
    "userId": 4,
    "id": 31,
    "title": "ullam ut quidem id aut vel consequuntur",
    "body": "debitis eius sed quibusdam non quis consectetur vitae\nimpedit ut qui consequatur sed aut in\nquidem sit nostrum et maiores adipisci atque\nquaerat voluptatem adipisci repudiandae"
  },
  {
    "userId": 4,
    "id": 32,
    "title": "doloremque illum aliquid sunt",
    "body": "deserunt eos nobis asperiores et hic\nest debitis repellat molestiae optio\nnihil ratione ut eos beatae quibusdam distinctio maiores\nearum voluptates et aut adipisci ea maiores voluptas maxime"
  },
  {
    "userId": 4,
    "id": 33,
    "title": "qui explicabo molestiae dolorem",
    "body": "rerum ut et numquam laborum odit est sit\nid qui sint in\nquasi tenetur tempore aperiam et quaerat qui in\nrerum officiis sequi cumque quod"
  },
  {
    "userId": 4,
    "id": 34,
    "title": "magnam ut rerum iure",
    "body": "ea velit perferendis earum ut voluptatem voluptate itaque iusto\ntotam pariatur in\nnemo voluptatem voluptatem autem magni tempora minima in\nest distinctio qui assumenda accusamus dignissimos officia nesciunt nobis"
  },
  {
    "userId": 4,
    "id": 35,
    "title": "id nihil consequatur molestias animi provident",
    "body": "nisi error delectus possimus ut eligendi vitae\nplaceat eos harum cupiditate facilis reprehenderit voluptatem beatae\nmodi ducimus quo illum voluptas eligendi\net nobis quia fugit"
  },
  {
    "userId": 4,
    "id": 36,
    "title": "fuga nam accusamus voluptas reiciendis itaque",
    "body": "ad mollitia et omnis minus architecto odit\nvoluptas doloremque maxime aut non ipsa qui alias veniam\nblanditiis culpa aut quia nihil cumque facere et occaecati\nqui aspernatur quia eaque ut aperiam inventore"
  },
  {
    "userId": 4,
    "id": 37,
    "title": "provident vel ut sit ratione est... (set the log level to DEBUG or TRACE to see the full content) 
 </msg>
<msg timestamp="20210208 08:41:47.239" level="INFO">${response} = &lt;Response [200]&gt;</msg>
<status status="PASS" starttime="20210208 08:41:47.182" endtime="20210208 08:41:47.239"></status>
</kw>
<timeout value="2 seconds"></timeout>
<status status="PASS" starttime="20210208 08:41:47.182" endtime="20210208 08:41:47.239"></status>
</kw>
<msg timestamp="20210208 08:41:47.240" level="INFO">${response} = &lt;Response [200]&gt;</msg>
<status status="PASS" starttime="20210208 08:41:47.182" endtime="20210208 08:41:47.240"></status>
</kw>
<kw name="GET Json response" library="GetPostApi">
<arguments>
<arg>${response}</arg>
</arguments>
<assign>
<var>${jsonResponse}</var>
</assign>
<kw name="Should Be Equal As Strings" library="BuiltIn">
<doc>Fails if objects are unequal after converting them to strings.</doc>
<arguments>
<arg>${response.status_code},${response.reason}</arg>
<arg>${GET_SUCCESS}</arg>
</arguments>
<status status="PASS" starttime="20210208 08:41:47.240" endtime="20210208 08:41:47.241"></status>
</kw>
<kw name="Convert String to JSON" library="JSONLibrary">
<doc>Convert String to JSON object</doc>
<arguments>
<arg>${response.content}</arg>
</arguments>
<assign>
<var>${jsonObject}</var>
</assign>
<msg timestamp="20210208 08:41:47.243" level="INFO">${jsonObject} = [{'userId': 1, 'id': 1, 'title': 'sunt aut facere repellat provident occaecati excepturi optio reprehenderit', 'body': 'quia et suscipit\nsuscipit recusandae consequuntur expedita et cum\nreprehenderi...</msg>
<status status="PASS" starttime="20210208 08:41:47.241" endtime="20210208 08:41:47.243"></status>
</kw>
<msg timestamp="20210208 08:41:47.244" level="INFO">${jsonResponse} = [{'userId': 1, 'id': 1, 'title': 'sunt aut facere repellat provident occaecati excepturi optio reprehenderit', 'body': 'quia et suscipit\nsuscipit recusandae consequuntur expedita et cum\nreprehenderi...</msg>
<status status="PASS" starttime="20210208 08:41:47.240" endtime="20210208 08:41:47.244"></status>
</kw>
<kw name="${postobject} IN [ @{jsonResponse} ]" type="for">
<kw name="${postobject} = {'userId': 1, 'id': 1, 'title': 'sunt aut facere repellat provident occaecati excepturi optio reprehenderit', 'body': 'quia et suscipit\nsuscipit recusandae consequuntur expedita et cum\nreprehenderit..." type="foritem">
<kw name="Get Dictionary Keys" library="Collections">
<doc>Returns keys of the given ``dictionary`` as a list.</doc>
<arguments>
<arg>${postobject}</arg>
<arg>sort_keys=False</arg>
</arguments>
<assign>
<var>${unsortedPostKey}</var>
</assign>
<msg timestamp="20210208 08:41:47.244" level="INFO">${unsortedPostKey} = ['userId', 'id', 'title', 'body']</msg>
<status status="PASS" starttime="20210208 08:41:47.244" endtime="20210208 08:41:47.244"></status>
</kw>
<kw name="Lists Should Be Equal" library="Collections">
<doc>Fails if given lists are unequal.</doc>
<arguments>
<arg>${unsortedPostKey}</arg>
<arg>${postKeyList}</arg>
</arguments>
<status status="PASS" starttime="20210208 08:41:47.245" endtime="20210208 08:41:47.245"></status>
</kw>
<status status="PASS" starttime="20210208 08:41:47.244" endtime="20210208 08:41:47.245"></status>
</kw>
<kw name="${postobject} = {'userId': 1, 'id': 2, 'title': 'qui est esse', 'body': 'est rerum tempore vitae\nsequi sint nihil reprehenderit dolor beatae ea dolores neque\nfugiat blanditiis voluptate porro vel nihil molestiae ut..." type="foritem">
<kw name="Get Dictionary Keys" library="Collections">
<doc>Returns keys of the given ``dictionary`` as a list.</doc>
<arguments>
<arg>${postobject}</arg>
<arg>sort_keys=False</arg>
</arguments>
<assign>
<var>${unsortedPostKey}</var>
</assign>
<msg timestamp="20210208 08:41:47.246" level="INFO">${unsortedPostKey} = ['userId', 'id', 'title', 'body']</msg>
<status status="PASS" starttime="20210208 08:41:47.245" endtime="20210208 08:41:47.246"></status>
</kw>
<kw name="Lists Should Be Equal" library="Collections">
<doc>Fails if given lists are unequal.</doc>
<arguments>
<arg>${unsortedPostKey}</arg>
<arg>${postKeyList}</arg>
</arguments>
<status status="PASS" starttime="20210208 08:41:47.246" endtime="20210208 08:41:47.246"></status>
</kw>
<status status="PASS" starttime="20210208 08:41:47.245" endtime="20210208 08:41:47.246"></status>
</kw>
<kw name="${postobject} = {'userId': 1, 'id': 3, 'title': 'ea molestias quasi exercitationem repellat qui ipsa sit aut', 'body': 'et iusto sed quo iure\nvoluptatem occaecati omnis eligendi aut ad\nvoluptatem doloribus vel accu..." type="foritem">
<kw name="Get Dictionary Keys" library="Collections">
<doc>Returns keys of the given ``dictionary`` as a list.</doc>
<arguments>
<arg>${postobject}</arg>
<arg>sort_keys=False</arg>
</arguments>
<assign>
<var>${unsortedPostKey}</var>
</assign>
<msg timestamp="20210208 08:41:47.247" level="INFO">${unsortedPostKey} = ['userId', 'id', 'title', 'body']</msg>
<status status="PASS" starttime="20210208 08:41:47.247" endtime="20210208 08:41:47.247"></status>
</kw>
<kw name="Lists Should Be Equal" library="Collections">
<doc>Fails if given lists are unequal.</doc>
<arguments>
<arg>${unsortedPostKey}</arg>
<arg>${postKeyList}</arg>
</arguments>
<status status="PASS" starttime="20210208 08:41:47.247" endtime="20210208 08:41:47.248"></status>
</kw>
<status status="PASS" starttime="20210208 08:41:47.246" endtime="20210208 08:41:47.248"></status>
</kw>
<kw name="${postobject} = {'userId': 1, 'id': 4, 'title': 'eum et est occaecati', 'body': 'ullam et saepe reiciendis voluptatem adipisci\nsit amet autem assumenda provident rerum culpa\nquis hic commodi nesciunt rem tenetur do..." type="foritem">
<kw name="Get Dictionary Keys" library="Collections">
<doc>Returns keys of the given ``dictionary`` as a list.</doc>
<arguments>
<arg>${postobject}</arg>
<arg>sort_keys=False</arg>
</arguments>
<assign>
<var>${unsortedPostKey}</var>
</assign>
<msg timestamp="20210208 08:41:47.248" level="INFO">${unsortedPostKey} = ['userId', 'id', 'title', 'body']</msg>
<status status="PASS" starttime="20210208 08:41:47.248" endtime="20210208 08:41:47.248"></status>
</kw>
<kw name="Lists Should Be Equal" library="Collections">
<doc>Fails if given lists are unequal.</doc>
<arguments>
<arg>${unsortedPostKey}</arg>
<arg>${postKeyList}</arg>
</arguments>
<status status="PASS" starttime="20210208 08:41:47.248" endtime="20210208 08:41:47.249"></status>
</kw>
<status status="PASS" starttime="20210208 08:41:47.248" endtime="20210208 08:41:47.249"></status>
</kw>
<kw name="${postobject} = {'userId': 1, 'id': 5, 'title': 'nesciunt quas odio', 'body': 'repudiandae veniam quaerat sunt sed\nalias aut fugiat sit autem sed est\nvoluptatem omnis possimus esse voluptatibus quis\nest aut tenetu..." type="foritem">
<kw name="Get Dictionary Keys" library="Collections">
<doc>Returns keys of the given ``dictionary`` as a list.</doc>
<arguments>
<arg>${postobject}</arg>
<arg>sort_keys=False</arg>
</arguments>
<assign>
<var>${unsortedPostKey}</var>
</assign>
<msg timestamp="20210208 08:41:47.249" level="INFO">${unsortedPostKey} = ['userId', 'id', 'title', 'body']</msg>
<status status="PASS" starttime="20210208 08:41:47.249" endtime="20210208 08:41:47.249"></status>
</kw>
<kw name="Lists Should Be Equal" library="Collections">
<doc>Fails if given lists are unequal.</doc>
<arguments>
<arg>${unsortedPostKey}</arg>
<arg>${postKeyList}</arg>
</arguments>
<status status="PASS" starttime="20210208 08:41:47.250" endtime="20210208 08:41:47.250"></status>
</kw>
<status status="PASS" starttime="20210208 08:41:47.249" endtime="20210208 08:41:47.250"></status>
</kw>
<kw name="${postobject} = {'userId': 1, 'id': 6, 'title': 'dolorem eum magni eos aperiam quia', 'body': 'ut aspernatur corporis harum nihil quis provident sequi\nmollitia nobis aliquid molestiae\nperspiciatis et ea nemo ab rep..." type="foritem">
<kw name="Get Dictionary Keys" library="Collections">
<doc>Returns keys of the given ``dictionary`` as a list.</doc>
<arguments>
<arg>${postobject}</arg>
<arg>sort_keys=False</arg>
</arguments>
<assign>
<var>${unsortedPostKey}</var>
</assign>
<msg timestamp="20210208 08:41:47.251" level="INFO">${unsortedPostKey} = ['userId', 'id', 'title', 'body']</msg>
<status status="PASS" starttime="20210208 08:41:47.250" endtime="20210208 08:41:47.251"></status>
</kw>
<kw name="Lists Should Be Equal" library="Collections">
<doc>Fails if given lists are unequal.</doc>
<arguments>
<arg>${unsortedPostKey}</arg>
<arg>${postKeyList}</arg>
</arguments>
<status status="PASS" starttime="20210208 08:41:47.251" endtime="20210208 08:41:47.251"></status>
</kw>
<status status="PASS" starttime="20210208 08:41:47.250" endtime="20210208 08:41:47.251"></status>
</kw>
<kw name="${postobject} = {'userId': 1, 'id': 7, 'title': 'magnam facilis autem', 'body': 'dolore placeat quibusdam ea quo vitae\nmagni quis enim qui quis quo nemo aut saepe\nquidem repellat excepturi ut quia\nsunt ut sequi eo..." type="foritem">
<kw name="Get Dictionary Keys" library="Collections">
<doc>Returns keys of the given ``dictionary`` as a list.</doc>
<arguments>
<arg>${postobject}</arg>
<arg>sort_keys=False</arg>
</arguments>
<assign>
<var>${unsortedPostKey}</var>
</assign>
<msg timestamp="20210208 08:41:47.252" level="INFO">${unsortedPostKey} = ['userId', 'id', 'title', 'body']</msg>
<status status="PASS" starttime="20210208 08:41:47.251" endtime="20210208 08:41:47.252"></status>
</kw>
<kw name="Lists Should Be Equal" library="Collections">
<doc>Fails if given lists are unequal.</doc>
<arguments>
<arg>${unsortedPostKey}</arg>
<arg>${postKeyList}</arg>
</arguments>
<status status="PASS" starttime="20210208 08:41:47.252" endtime="20210208 08:41:47.252"></status>
</kw>
<status status="PASS" starttime="20210208 08:41:47.251" endtime="20210208 08:41:47.252"></status>
</kw>
<kw name="${postobject} = {'userId': 1, 'id': 8, 'title': 'dolorem dolore est ipsam', 'body': 'dignissimos aperiam dolorem qui eum\nfacilis quibusdam animi sint suscipit qui sint possimus cum\nquaerat magni maiores excepturi\n..." type="foritem">
<kw name="Get Dictionary Keys" library="Collections">
<doc>Returns keys of the given ``dictionary`` as a list.</doc>
<arguments>
<arg>${postobject}</arg>
<arg>sort_keys=False</arg>
</arguments>
<assign>
<var>${unsortedPostKey}</var>
</assign>
<msg timestamp="20210208 08:41:47.253" level="INFO">${unsortedPostKey} = ['userId', 'id', 'title', 'body']</msg>
<status status="PASS" starttime="20210208 08:41:47.253" endtime="20210208 08:41:47.253"></status>
</kw>
<kw name="Lists Should Be Equal" library="Collections">
<doc>Fails if given lists are unequal.</doc>
<arguments>
<arg>${unsortedPostKey}</arg>
<arg>${postKeyList}</arg>
</arguments>
<status status="PASS" starttime="20210208 08:41:47.253" endtime="20210208 08:41:47.253"></status>
</kw>
<status status="PASS" starttime="20210208 08:41:47.252" endtime="20210208 08:41:47.253"></status>
</kw>
<kw name="${postobject} = {'userId': 1, 'id': 9, 'title': 'nesciunt iure omnis dolorem tempora et accusantium', 'body': 'consectetur animi nesciunt iure dolore\nenim quia ad\nveniam autem ut quam aut nobis\net est aut quod aut..." type="foritem">
<kw name="Get Dictionary Keys" library="Collections">
<doc>Returns keys of the given ``dictionary`` as a list.</doc>
<arguments>
<arg>${postobject}</arg>
<arg>sort_keys=False</arg>
</arguments>
<assign>
<var>${unsortedPostKey}</var>
</assign>
<msg timestamp="20210208 08:41:47.254" level="INFO">${unsortedPostKey} = ['userId', 'id', 'title', 'body']</msg>
<status status="PASS" starttime="20210208 08:41:47.254" endtime="20210208 08:41:47.254"></status>
</kw>
<kw name="Lists Should Be Equal" library="Collections">
<doc>Fails if given lists are unequal.</doc>
<arguments>
<arg>${unsortedPostKey}</arg>
<arg>${postKeyList}</arg>
</arguments>
<status status="PASS" starttime="20210208 08:41:47.254" endtime="20210208 08:41:47.254"></status>
</kw>
<status status="PASS" starttime="20210208 08:41:47.253" endtime="20210208 08:41:47.254"></status>
</kw>
<kw name="${postobject} = {'userId': 1, 'id': 10, 'title': 'optio molestias id quia eum', 'body': 'quo et expedita modi cum officia vel magni\ndoloribus qui repudiandae\nvero nisi sit\nquos veniam quod sed accusamus veritatis ..." type="foritem">
<kw name="Get Dictionary Keys" library="Collections">
<doc>Returns keys of the given ``dictionary`` as a list.</doc>
<arguments>
<arg>${postobject}</arg>
<arg>sort_keys=False</arg>
</arguments>
<assign>
<var>${unsortedPostKey}</var>
</assign>
<msg timestamp="20210208 08:41:47.255" level="INFO">${unsortedPostKey} = ['userId', 'id', 'title', 'body']</msg>
<status status="PASS" starttime="20210208 08:41:47.254" endtime="20210208 08:41:47.255"></status>
</kw>
<kw name="Lists Should Be Equal" library="Collections">
<doc>Fails if given lists are unequal.</doc>
<arguments>
<arg>${unsortedPostKey}</arg>
<arg>${postKeyList}</arg>
</arguments>
<status status="PASS" starttime="20210208 08:41:47.255" endtime="20210208 08:41:47.255"></status>
</kw>
<status status="PASS" starttime="20210208 08:41:47.254" endtime="20210208 08:41:47.255"></status>
</kw>
<kw name="${postobject} = {'userId': 2, 'id': 11, 'title': 'et ea vero quia laudantium autem', 'body': 'delectus reiciendis molestiae occaecati non minima eveniet qui voluptatibus\naccusamus in eum beatae sit\nvel qui neque vo..." type="foritem">
<kw name="Get Dictionary Keys" library="Collections">
<doc>Returns keys of the given ``dictionary`` as a list.</doc>
<arguments>
<arg>${postobject}</arg>
<arg>sort_keys=False</arg>
</arguments>
<assign>
<var>${unsortedPostKey}</var>
</assign>
<msg timestamp="20210208 08:41:47.256" level="INFO">${unsortedPostKey} = ['userId', 'id', 'title', 'body']</msg>
<status status="PASS" starttime="20210208 08:41:47.255" endtime="20210208 08:41:47.256"></status>
</kw>
<kw name="Lists Should Be Equal" library="Collections">
<doc>Fails if given lists are unequal.</doc>
<arguments>
<arg>${unsortedPostKey}</arg>
<arg>${postKeyList}</arg>
</arguments>
<status status="PASS" starttime="20210208 08:41:47.256" endtime="20210208 08:41:47.256"></status>
</kw>
<status status="PASS" starttime="20210208 08:41:47.255" endtime="20210208 08:41:47.256"></status>
</kw>
<kw name="${postobject} = {'userId': 2, 'id': 12, 'title': 'in quibusdam tempore odit est dolorem', 'body': 'itaque id aut magnam\npraesentium quia et ea odit et ea voluptas et\nsapiente quia nihil amet occaecati quia id volup..." type="foritem">
<kw name="Get Dictionary Keys" library="Collections">
<doc>Returns keys of the given ``dictionary`` as a list.</doc>
<arguments>
<arg>${postobject}</arg>
<arg>sort_keys=False</arg>
</arguments>
<assign>
<var>${unsortedPostKey}</var>
</assign>
<msg timestamp="20210208 08:41:47.256" level="INFO">${unsortedPostKey} = ['userId', 'id', 'title', 'body']</msg>
<status status="PASS" starttime="20210208 08:41:47.256" endtime="20210208 08:41:47.257"></status>
</kw>
<kw name="Lists Should Be Equal" library="Collections">
<doc>Fails if given lists are unequal.</doc>
<arguments>
<arg>${unsortedPostKey}</arg>
<arg>${postKeyList}</arg>
</arguments>
<status status="PASS" starttime="20210208 08:41:47.257" endtime="20210208 08:41:47.257"></status>
</kw>
<status status="PASS" starttime="20210208 08:41:47.256" endtime="20210208 08:41:47.257"></status>
</kw>
<kw name="${postobject} = {'userId': 2, 'id': 13, 'title': 'dolorum ut in voluptas mollitia et saepe quo animi', 'body': 'aut dicta possimus sint mollitia voluptas commodi quo doloremque\niste corrupti reiciendis voluptatem ei..." type="foritem">
<kw name="Get Dictionary Keys" library="Collections">
<doc>Returns keys of the given ``dictionary`` as a list.</doc>
<arguments>
<arg>${postobject}</arg>
<arg>sort_keys=False</arg>
</arguments>
<assign>
<var>${unsortedPostKey}</var>
</assign>
<msg timestamp="20210208 08:41:47.257" level="INFO">${unsortedPostKey} = ['userId', 'id', 'title', 'body']</msg>
<status status="PASS" starttime="20210208 08:41:47.257" endtime="20210208 08:41:47.257"></status>
</kw>
<kw name="Lists Should Be Equal" library="Collections">
<doc>Fails if given lists are unequal.</doc>
<arguments>
<arg>${unsortedPostKey}</arg>
<arg>${postKeyList}</arg>
</arguments>
<status status="PASS" starttime="20210208 08:41:47.258" endtime="20210208 08:41:47.258"></status>
</kw>
<status status="PASS" starttime="20210208 08:41:47.257" endtime="20210208 08:41:47.258"></status>
</kw>
<kw name="${postobject} = {'userId': 2, 'id': 14, 'title': 'voluptatem eligendi optio', 'body': 'fuga et accusamus dolorum perferendis illo voluptas\nnon doloremque neque facere\nad qui dolorum molestiae beatae\nsed aut volupt..." type="foritem">
<kw name="Get Dictionary Keys" library="Collections">
<doc>Returns keys of the given ``dictionary`` as a list.</doc>
<arguments>
<arg>${postobject}</arg>
<arg>sort_keys=False</arg>
</arguments>
<assign>
<var>${unsortedPostKey}</var>
</assign>
<msg timestamp="20210208 08:41:47.258" level="INFO">${unsortedPostKey} = ['userId', 'id', 'title', 'body']</msg>
<status status="PASS" starttime="20210208 08:41:47.258" endtime="20210208 08:41:47.258"></status>
</kw>
<kw name="Lists Should Be Equal" library="Collections">
<doc>Fails if given lists are unequal.</doc>
<arguments>
<arg>${unsortedPostKey}</arg>
<arg>${postKeyList}</arg>
</arguments>
<status status="PASS" starttime="20210208 08:41:47.259" endtime="20210208 08:41:47.259"></status>
</kw>
<status status="PASS" starttime="20210208 08:41:47.258" endtime="20210208 08:41:47.259"></status>
</kw>
<kw name="${postobject} = {'userId': 2, 'id': 15, 'title': 'eveniet quod temporibus', 'body': 'reprehenderit quos placeat\nvelit minima officia dolores impedit repudiandae molestiae nam\nvoluptas recusandae quis delectus\noffi..." type="foritem">
<kw name="Get Dictionary Keys" library="Collections">
<doc>Returns keys of the given ``dictionary`` as a list.</doc>
<arguments>
<arg>${postobject}</arg>
<arg>sort_keys=False</arg>
</arguments>
<assign>
<var>${unsortedPostKey}</var>
</assign>
<msg timestamp="20210208 08:41:47.259" level="INFO">${unsortedPostKey} = ['userId', 'id', 'title', 'body']</msg>
<status status="PASS" starttime="20210208 08:41:47.259" endtime="20210208 08:41:47.259"></status>
</kw>
<kw name="Lists Should Be Equal" library="Collections">
<doc>Fails if given lists are unequal.</doc>
<arguments>
<arg>${unsortedPostKey}</arg>
<arg>${postKeyList}</arg>
</arguments>
<status status="PASS" starttime="20210208 08:41:47.259" endtime="20210208 08:41:47.260"></status>
</kw>
<status status="PASS" starttime="20210208 08:41:47.259" endtime="20210208 08:41:47.260"></status>
</kw>
<kw name="${postobject} = {'userId': 2, 'id': 16, 'title': 'sint suscipit perspiciatis velit dolorum rerum ipsa laboriosam odio', 'body': 'suscipit nam nisi quo aperiam aut\nasperiores eos fugit maiores voluptatibus quia\nvolu..." type="foritem">
<kw name="Get Dictionary Keys" library="Collections">
<doc>Returns keys of the given ``dictionary`` as a list.</doc>
<arguments>
<arg>${postobject}</arg>
<arg>sort_keys=False</arg>
</arguments>
<assign>
<var>${unsortedPostKey}</var>
</assign>
<msg timestamp="20210208 08:41:47.260" level="INFO">${unsortedPostKey} = ['userId', 'id', 'title', 'body']</msg>
<status status="PASS" starttime="20210208 08:41:47.260" endtime="20210208 08:41:47.260"></status>
</kw>
<kw name="Lists Should Be Equal" library="Collections">
<doc>Fails if given lists are unequal.</doc>
<arguments>
<arg>${unsortedPostKey}</arg>
<arg>${postKeyList}</arg>
</arguments>
<status status="PASS" starttime="20210208 08:41:47.260" endtime="20210208 08:41:47.261"></status>
</kw>
<status status="PASS" starttime="20210208 08:41:47.260" endtime="20210208 08:41:47.261"></status>
</kw>
<kw name="${postobject} = {'userId': 2, 'id': 17, 'title': 'fugit voluptas sed molestias voluptatem provident', 'body': 'eos voluptas et aut odit natus earum\naspernatur fuga molestiae ullam\ndeserunt ratione qui eos\nqui nihi..." type="foritem">
<kw name="Get Dictionary Keys" library="Collections">
<doc>Returns keys of the given ``dictionary`` as a list.</doc>
<arguments>
<arg>${postobject}</arg>
<arg>sort_keys=False</arg>
</arguments>
<assign>
<var>${unsortedPostKey}</var>
</assign>
<msg timestamp="20210208 08:41:47.261" level="INFO">${unsortedPostKey} = ['userId', 'id', 'title', 'body']</msg>
<status status="PASS" starttime="20210208 08:41:47.261" endtime="20210208 08:41:47.261"></status>
</kw>
<kw name="Lists Should Be Equal" library="Collections">
<doc>Fails if given lists are unequal.</doc>
<arguments>
<arg>${unsortedPostKey}</arg>
<arg>${postKeyList}</arg>
</arguments>
<status status="PASS" starttime="20210208 08:41:47.261" endtime="20210208 08:41:47.261"></status>
</kw>
<status status="PASS" starttime="20210208 08:41:47.261" endtime="20210208 08:41:47.261"></status>
</kw>
<kw name="${postobject} = {'userId': 2, 'id': 18, 'title': 'voluptate et itaque vero tempora molestiae', 'body': 'eveniet quo quis\nlaborum totam consequatur non dolor\nut et est repudiandae\nest voluptatem vel debitis et magn..." type="foritem">
<kw name="Get Dictionary Keys" library="Collections">
<doc>Returns keys of the given ``dictionary`` as a list.</doc>
<arguments>
<arg>${postobject}</arg>
<arg>sort_keys=False</arg>
</arguments>
<assign>
<var>${unsortedPostKey}</var>
</assign>
<msg timestamp="20210208 08:41:47.262" level="INFO">${unsortedPostKey} = ['userId', 'id', 'title', 'body']</msg>
<status status="PASS" starttime="20210208 08:41:47.262" endtime="20210208 08:41:47.262"></status>
</kw>
<kw name="Lists Should Be Equal" library="Collections">
<doc>Fails if given lists are unequal.</doc>
<arguments>
<arg>${unsortedPostKey}</arg>
<arg>${postKeyList}</arg>
</arguments>
<status status="PASS" starttime="20210208 08:41:47.262" endtime="20210208 08:41:47.262"></status>
</kw>
<status status="PASS" starttime="20210208 08:41:47.262" endtime="20210208 08:41:47.262"></status>
</kw>
<kw name="${postobject} = {'userId': 2, 'id': 19, 'title': 'adipisci placeat illum aut reiciendis qui', 'body': 'illum quis cupiditate provident sit magnam\nea sed aut omnis\nveniam maiores ullam consequatur atque\nadipisci qu..." type="foritem">
<kw name="Get Dictionary Keys" library="Collections">
<doc>Returns keys of the given ``dictionary`` as a list.</doc>
<arguments>
<arg>${postobject}</arg>
<arg>sort_keys=False</arg>
</arguments>
<assign>
<var>${unsortedPostKey}</var>
</assign>
<msg timestamp="20210208 08:41:47.263" level="INFO">${unsortedPostKey} = ['userId', 'id', 'title', 'body']</msg>
<status status="PASS" starttime="20210208 08:41:47.262" endtime="20210208 08:41:47.263"></status>
</kw>
<kw name="Lists Should Be Equal" library="Collections">
<doc>Fails if given lists are unequal.</doc>
<arguments>
<arg>${unsortedPostKey}</arg>
<arg>${postKeyList}</arg>
</arguments>
<status status="PASS" starttime="20210208 08:41:47.263" endtime="20210208 08:41:47.263"></status>
</kw>
<status status="PASS" starttime="20210208 08:41:47.262" endtime="20210208 08:41:47.263"></status>
</kw>
<kw name="${postobject} = {'userId': 2, 'id': 20, 'title': 'doloribus ad provident suscipit at', 'body': 'qui consequuntur ducimus possimus quisquam amet similique\nsuscipit porro ipsam amet\neos veritatis officiis exercitatio..." type="foritem">
<kw name="Get Dictionary Keys" library="Collections">
<doc>Returns keys of the given ``dictionary`` as a list.</doc>
<arguments>
<arg>${postobject}</arg>
<arg>sort_keys=False</arg>
</arguments>
<assign>
<var>${unsortedPostKey}</var>
</assign>
<msg timestamp="20210208 08:41:47.264" level="INFO">${unsortedPostKey} = ['userId', 'id', 'title', 'body']</msg>
<status status="PASS" starttime="20210208 08:41:47.263" endtime="20210208 08:41:47.264"></status>
</kw>
<kw name="Lists Should Be Equal" library="Collections">
<doc>Fails if given lists are unequal.</doc>
<arguments>
<arg>${unsortedPostKey}</arg>
<arg>${postKeyList}</arg>
</arguments>
<status status="PASS" starttime="20210208 08:41:47.264" endtime="20210208 08:41:47.264"></status>
</kw>
<status status="PASS" starttime="20210208 08:41:47.263" endtime="20210208 08:41:47.264"></status>
</kw>
<kw name="${postobject} = {'userId': 3, 'id': 21, 'title': 'asperiores ea ipsam voluptatibus modi minima quia sint', 'body': 'repellat aliquid praesentium dolorem quo\nsed totam minus non itaque\nnihil labore molestiae sunt do..." type="foritem">
<kw name="Get Dictionary Keys" library="Collections">
<doc>Returns keys of the given ``dictionary`` as a list.</doc>
<arguments>
<arg>${postobject}</arg>
<arg>sort_keys=False</arg>
</arguments>
<assign>
<var>${unsortedPostKey}</var>
</assign>
<msg timestamp="20210208 08:41:47.265" level="INFO">${unsortedPostKey} = ['userId', 'id', 'title', 'body']</msg>
<status status="PASS" starttime="20210208 08:41:47.264" endtime="20210208 08:41:47.265"></status>
</kw>
<kw name="Lists Should Be Equal" library="Collections">
<doc>Fails if given lists are unequal.</doc>
<arguments>
<arg>${unsortedPostKey}</arg>
<arg>${postKeyList}</arg>
</arguments>
<status status="PASS" starttime="20210208 08:41:47.265" endtime="20210208 08:41:47.265"></status>
</kw>
<status status="PASS" starttime="20210208 08:41:47.264" endtime="20210208 08:41:47.265"></status>
</kw>
<kw name="${postobject} = {'userId': 3, 'id': 22, 'title': 'dolor sint quo a velit explicabo quia nam', 'body': 'eos qui et ipsum ipsam suscipit aut\nsed omnis non odio\nexpedita earum mollitia molestiae aut atque rem suscipit..." type="foritem">
<kw name="Get Dictionary Keys" library="Collections">
<doc>Returns keys of the given ``dictionary`` as a list.</doc>
<arguments>
<arg>${postobject}</arg>
<arg>sort_keys=False</arg>
</arguments>
<assign>
<var>${unsortedPostKey}</var>
</assign>
<msg timestamp="20210208 08:41:47.266" level="INFO">${unsortedPostKey} = ['userId', 'id', 'title', 'body']</msg>
<status status="PASS" starttime="20210208 08:41:47.266" endtime="20210208 08:41:47.266"></status>
</kw>
<kw name="Lists Should Be Equal" library="Collections">
<doc>Fails if given lists are unequal.</doc>
<arguments>
<arg>${unsortedPostKey}</arg>
<arg>${postKeyList}</arg>
</arguments>
<status status="PASS" starttime="20210208 08:41:47.266" endtime="20210208 08:41:47.266"></status>
</kw>
<status status="PASS" starttime="20210208 08:41:47.265" endtime="20210208 08:41:47.266"></status>
</kw>
<kw name="${postobject} = {'userId': 3, 'id': 23, 'title': 'maxime id vitae nihil numquam', 'body': 'veritatis unde neque eligendi\nquae quod architecto quo neque vitae\nest illo sit tempora doloremque fugit quod\net et vel be..." type="foritem">
<kw name="Get Dictionary Keys" library="Collections">
<doc>Returns keys of the given ``dictionary`` as a list.</doc>
<arguments>
<arg>${postobject}</arg>
<arg>sort_keys=False</arg>
</arguments>
<assign>
<var>${unsortedPostKey}</var>
</assign>
<msg timestamp="20210208 08:41:47.267" level="INFO">${unsortedPostKey} = ['userId', 'id', 'title', 'body']</msg>
<status status="PASS" starttime="20210208 08:41:47.266" endtime="20210208 08:41:47.267"></status>
</kw>
<kw name="Lists Should Be Equal" library="Collections">
<doc>Fails if given lists are unequal.</doc>
<arguments>
<arg>${unsortedPostKey}</arg>
<arg>${postKeyList}</arg>
</arguments>
<status status="PASS" starttime="20210208 08:41:47.267" endtime="20210208 08:41:47.267"></status>
</kw>
<status status="PASS" starttime="20210208 08:41:47.266" endtime="20210208 08:41:47.267"></status>
</kw>
<kw name="${postobject} = {'userId': 3, 'id': 24, 'title': 'autem hic labore sunt dolores incidunt', 'body': 'enim et ex nulla\nomnis voluptas quia qui\nvoluptatem consequatur numquam aliquam sunt\ntotam recusandae id dignissi..." type="foritem">
<kw name="Get Dictionary Keys" library="Collections">
<doc>Returns keys of the given ``dictionary`` as a list.</doc>
<arguments>
<arg>${postobject}</arg>
<arg>sort_keys=False</arg>
</arguments>
<assign>
<var>${unsortedPostKey}</var>
</assign>
<msg timestamp="20210208 08:41:47.267" level="INFO">${unsortedPostKey} = ['userId', 'id', 'title', 'body']</msg>
<status status="PASS" starttime="20210208 08:41:47.267" endtime="20210208 08:41:47.267"></status>
</kw>
<kw name="Lists Should Be Equal" library="Collections">
<doc>Fails if given lists are unequal.</doc>
<arguments>
<arg>${unsortedPostKey}</arg>
<arg>${postKeyList}</arg>
</arguments>
<status status="PASS" starttime="20210208 08:41:47.268" endtime="20210208 08:41:47.268"></status>
</kw>
<status status="PASS" starttime="20210208 08:41:47.267" endtime="20210208 08:41:47.268"></status>
</kw>
<kw name="${postobject} = {'userId': 3, 'id': 25, 'title': 'rem alias distinctio quo quis', 'body': 'ullam consequatur ut\nomnis quis sit vel consequuntur\nipsa eligendi ipsum molestiae et omnis error nostrum\nmolestiae illo t..." type="foritem">
<kw name="Get Dictionary Keys" library="Collections">
<doc>Returns keys of the given ``dictionary`` as a list.</doc>
<arguments>
<arg>${postobject}</arg>
<arg>sort_keys=False</arg>
</arguments>
<assign>
<var>${unsortedPostKey}</var>
</assign>
<msg timestamp="20210208 08:41:47.268" level="INFO">${unsortedPostKey} = ['userId', 'id', 'title', 'body']</msg>
<status status="PASS" starttime="20210208 08:41:47.268" endtime="20210208 08:41:47.268"></status>
</kw>
<kw name="Lists Should Be Equal" library="Collections">
<doc>Fails if given lists are unequal.</doc>
<arguments>
<arg>${unsortedPostKey}</arg>
<arg>${postKeyList}</arg>
</arguments>
<status status="PASS" starttime="20210208 08:41:47.268" endtime="20210208 08:41:47.269"></status>
</kw>
<status status="PASS" starttime="20210208 08:41:47.268" endtime="20210208 08:41:47.269"></status>
</kw>
<kw name="${postobject} = {'userId': 3, 'id': 26, 'title': 'est et quae odit qui non', 'body': 'similique esse doloribus nihil accusamus\nomnis dolorem fuga consequuntur reprehenderit fugit recusandae temporibus\nperspiciatis ..." type="foritem">
<kw name="Get Dictionary Keys" library="Collections">
<doc>Returns keys of the given ``dictionary`` as a list.</doc>
<arguments>
<arg>${postobject}</arg>
<arg>sort_keys=False</arg>
</arguments>
<assign>
<var>${unsortedPostKey}</var>
</assign>
<msg timestamp="20210208 08:41:47.269" level="INFO">${unsortedPostKey} = ['userId', 'id', 'title', 'body']</msg>
<status status="PASS" starttime="20210208 08:41:47.269" endtime="20210208 08:41:47.269"></status>
</kw>
<kw name="Lists Should Be Equal" library="Collections">
<doc>Fails if given lists are unequal.</doc>
<arguments>
<arg>${unsortedPostKey}</arg>
<arg>${postKeyList}</arg>
</arguments>
<status status="PASS" starttime="20210208 08:41:47.269" endtime="20210208 08:41:47.269"></status>
</kw>
<status status="PASS" starttime="20210208 08:41:47.269" endtime="20210208 08:41:47.269"></status>
</kw>
<kw name="${postobject} = {'userId': 3, 'id': 27, 'title': 'quasi id et eos tenetur aut quo autem', 'body': 'eum sed dolores ipsam sint possimus debitis occaecati\ndebitis qui qui et\nut placeat enim earum aut odit facilis\nco..." type="foritem">
<kw name="Get Dictionary Keys" library="Collections">
<doc>Returns keys of the given ``dictionary`` as a list.</doc>
<arguments>
<arg>${postobject}</arg>
<arg>sort_keys=False</arg>
</arguments>
<assign>
<var>${unsortedPostKey}</var>
</assign>
<msg timestamp="20210208 08:41:47.270" level="INFO">${unsortedPostKey} = ['userId', 'id', 'title', 'body']</msg>
<status status="PASS" starttime="20210208 08:41:47.270" endtime="20210208 08:41:47.270"></status>
</kw>
<kw name="Lists Should Be Equal" library="Collections">
<doc>Fails if given lists are unequal.</doc>
<arguments>
<arg>${unsortedPostKey}</arg>
<arg>${postKeyList}</arg>
</arguments>
<status status="PASS" starttime="20210208 08:41:47.270" endtime="20210208 08:41:47.270"></status>
</kw>
<status status="PASS" starttime="20210208 08:41:47.269" endtime="20210208 08:41:47.270"></status>
</kw>
<kw name="${postobject} = {'userId': 3, 'id': 28, 'title': 'delectus ullam et corporis nulla voluptas sequi', 'body': 'non et quaerat ex quae ad maiores\nmaiores recusandae totam aut blanditiis mollitia quas illo\nut voluptati..." type="foritem">
<kw name="Get Dictionary Keys" library="Collections">
<doc>Returns keys of the given ``dictionary`` as a list.</doc>
<arguments>
<arg>${postobject}</arg>
<arg>sort_keys=False</arg>
</arguments>
<assign>
<var>${unsortedPostKey}</var>
</assign>
<msg timestamp="20210208 08:41:47.271" level="INFO">${unsortedPostKey} = ['userId', 'id', 'title', 'body']</msg>
<status status="PASS" starttime="20210208 08:41:47.270" endtime="20210208 08:41:47.271"></status>
</kw>
<kw name="Lists Should Be Equal" library="Collections">
<doc>Fails if given lists are unequal.</doc>
<arguments>
<arg>${unsortedPostKey}</arg>
<arg>${postKeyList}</arg>
</arguments>
<status status="PASS" starttime="20210208 08:41:47.271" endtime="20210208 08:41:47.271"></status>
</kw>
<status status="PASS" starttime="20210208 08:41:47.270" endtime="20210208 08:41:47.271"></status>
</kw>
<kw name="${postobject} = {'userId': 3, 'id': 29, 'title': 'iusto eius quod necessitatibus culpa ea', 'body': 'odit magnam ut saepe sed non qui\ntempora atque nihil\naccusamus illum doloribus illo dolor\neligendi repudiandae o..." type="foritem">
<kw name="Get Dictionary Keys" library="Collections">
<doc>Returns keys of the given ``dictionary`` as a list.</doc>
<arguments>
<arg>${postobject}</arg>
<arg>sort_keys=False</arg>
</arguments>
<assign>
<var>${unsortedPostKey}</var>
</assign>
<msg timestamp="20210208 08:41:47.271" level="INFO">${unsortedPostKey} = ['userId', 'id', 'title', 'body']</msg>
<status status="PASS" starttime="20210208 08:41:47.271" endtime="20210208 08:41:47.271"></status>
</kw>
<kw name="Lists Should Be Equal" library="Collections">
<doc>Fails if given lists are unequal.</doc>
<arguments>
<arg>${unsortedPostKey}</arg>
<arg>${postKeyList}</arg>
</arguments>
<status status="PASS" starttime="20210208 08:41:47.272" endtime="20210208 08:41:47.272"></status>
</kw>
<status status="PASS" starttime="20210208 08:41:47.271" endtime="20210208 08:41:47.272"></status>
</kw>
<kw name="${postobject} = {'userId': 3, 'id': 30, 'title': 'a quo magni similique perferendis', 'body': 'alias dolor cumque\nimpedit blanditiis non eveniet odio maxime\nblanditiis amet eius quis tempora quia autem rem\na provi..." type="foritem">
<kw name="Get Dictionary Keys" library="Collections">
<doc>Returns keys of the given ``dictionary`` as a list.</doc>
<arguments>
<arg>${postobject}</arg>
<arg>sort_keys=False</arg>
</arguments>
<assign>
<var>${unsortedPostKey}</var>
</assign>
<msg timestamp="20210208 08:41:47.272" level="INFO">${unsortedPostKey} = ['userId', 'id', 'title', 'body']</msg>
<status status="PASS" starttime="20210208 08:41:47.272" endtime="20210208 08:41:47.272"></status>
</kw>
<kw name="Lists Should Be Equal" library="Collections">
<doc>Fails if given lists are unequal.</doc>
<arguments>
<arg>${unsortedPostKey}</arg>
<arg>${postKeyList}</arg>
</arguments>
<status status="PASS" starttime="20210208 08:41:47.272" endtime="20210208 08:41:47.273"></status>
</kw>
<status status="PASS" starttime="20210208 08:41:47.272" endtime="20210208 08:41:47.273"></status>
</kw>
<kw name="${postobject} = {'userId': 4, 'id': 31, 'title': 'ullam ut quidem id aut vel consequuntur', 'body': 'debitis eius sed quibusdam non quis consectetur vitae\nimpedit ut qui consequatur sed aut in\nquidem sit nostrum et..." type="foritem">
<kw name="Get Dictionary Keys" library="Collections">
<doc>Returns keys of the given ``dictionary`` as a list.</doc>
<arguments>
<arg>${postobject}</arg>
<arg>sort_keys=False</arg>
</arguments>
<assign>
<var>${unsortedPostKey}</var>
</assign>
<msg timestamp="20210208 08:41:47.273" level="INFO">${unsortedPostKey} = ['userId', 'id', 'title', 'body']</msg>
<status status="PASS" starttime="20210208 08:41:47.273" endtime="20210208 08:41:47.273"></status>
</kw>
<kw name="Lists Should Be Equal" library="Collections">
<doc>Fails if given lists are unequal.</doc>
<arguments>
<arg>${unsortedPostKey}</arg>
<arg>${postKeyList}</arg>
</arguments>
<status status="PASS" starttime="20210208 08:41:47.273" endtime="20210208 08:41:47.273"></status>
</kw>
<status status="PASS" starttime="20210208 08:41:47.273" endtime="20210208 08:41:47.273"></status>
</kw>
<kw name="${postobject} = {'userId': 4, 'id': 32, 'title': 'doloremque illum aliquid sunt', 'body': 'deserunt eos nobis asperiores et hic\nest debitis repellat molestiae optio\nnihil ratione ut eos beatae quibusdam distinctio ..." type="foritem">
<kw name="Get Dictionary Keys" library="Collections">
<doc>Returns keys of the given ``dictionary`` as a list.</doc>
<arguments>
<arg>${postobject}</arg>
<arg>sort_keys=False</arg>
</arguments>
<assign>
<var>${unsortedPostKey}</var>
</assign>
<msg timestamp="20210208 08:41:47.274" level="INFO">${unsortedPostKey} = ['userId', 'id', 'title', 'body']</msg>
<status status="PASS" starttime="20210208 08:41:47.274" endtime="20210208 08:41:47.274"></status>
</kw>
<kw name="Lists Should Be Equal" library="Collections">
<doc>Fails if given lists are unequal.</doc>
<arguments>
<arg>${unsortedPostKey}</arg>
<arg>${postKeyList}</arg>
</arguments>
<status status="PASS" starttime="20210208 08:41:47.274" endtime="20210208 08:41:47.274"></status>
</kw>
<status status="PASS" starttime="20210208 08:41:47.273" endtime="20210208 08:41:47.274"></status>
</kw>
<kw name="${postobject} = {'userId': 4, 'id': 33, 'title': 'qui explicabo molestiae dolorem', 'body': 'rerum ut et numquam laborum odit est sit\nid qui sint in\nquasi tenetur tempore aperiam et quaerat qui in\nrerum officiis s..." type="foritem">
<kw name="Get Dictionary Keys" library="Collections">
<doc>Returns keys of the given ``dictionary`` as a list.</doc>
<arguments>
<arg>${postobject}</arg>
<arg>sort_keys=False</arg>
</arguments>
<assign>
<var>${unsortedPostKey}</var>
</assign>
<msg timestamp="20210208 08:41:47.275" level="INFO">${unsortedPostKey} = ['userId', 'id', 'title', 'body']</msg>
<status status="PASS" starttime="20210208 08:41:47.274" endtime="20210208 08:41:47.275"></status>
</kw>
<kw name="Lists Should Be Equal" library="Collections">
<doc>Fails if given lists are unequal.</doc>
<arguments>
<arg>${unsortedPostKey}</arg>
<arg>${postKeyList}</arg>
</arguments>
<status status="PASS" starttime="20210208 08:41:47.275" endtime="20210208 08:41:47.275"></status>
</kw>
<status status="PASS" starttime="20210208 08:41:47.274" endtime="20210208 08:41:47.275"></status>
</kw>
<kw name="${postobject} = {'userId': 4, 'id': 34, 'title': 'magnam ut rerum iure', 'body': 'ea velit perferendis earum ut voluptatem voluptate itaque iusto\ntotam pariatur in\nnemo voluptatem voluptatem autem magni tempora min..." type="foritem">
<kw name="Get Dictionary Keys" library="Collections">
<doc>Returns keys of the given ``dictionary`` as a list.</doc>
<arguments>
<arg>${postobject}</arg>
<arg>sort_keys=False</arg>
</arguments>
<assign>
<var>${unsortedPostKey}</var>
</assign>
<msg timestamp="20210208 08:41:47.275" level="INFO">${unsortedPostKey} = ['userId', 'id', 'title', 'body']</msg>
<status status="PASS" starttime="20210208 08:41:47.275" endtime="20210208 08:41:47.275"></status>
</kw>
<kw name="Lists Should Be Equal" library="Collections">
<doc>Fails if given lists are unequal.</doc>
<arguments>
<arg>${unsortedPostKey}</arg>
<arg>${postKeyList}</arg>
</arguments>
<status status="PASS" starttime="20210208 08:41:47.275" endtime="20210208 08:41:47.276"></status>
</kw>
<status status="PASS" starttime="20210208 08:41:47.275" endtime="20210208 08:41:47.276"></status>
</kw>
<kw name="${postobject} = {'userId': 4, 'id': 35, 'title': 'id nihil consequatur molestias animi provident', 'body': 'nisi error delectus possimus ut eligendi vitae\nplaceat eos harum cupiditate facilis reprehenderit voluptate..." type="foritem">
<kw name="Get Dictionary Keys" library="Collections">
<doc>Returns keys of the given ``dictionary`` as a list.</doc>
<arguments>
<arg>${postobject}</arg>
<arg>sort_keys=False</arg>
</arguments>
<assign>
<var>${unsortedPostKey}</var>
</assign>
<msg timestamp="20210208 08:41:47.276" level="INFO">${unsortedPostKey} = ['userId', 'id', 'title', 'body']</msg>
<status status="PASS" starttime="20210208 08:41:47.276" endtime="20210208 08:41:47.276"></status>
</kw>
<kw name="Lists Should Be Equal" library="Collections">
<doc>Fails if given lists are unequal.</doc>
<arguments>
<arg>${unsortedPostKey}</arg>
<arg>${postKeyList}</arg>
</arguments>
<status status="PASS" starttime="20210208 08:41:47.276" endtime="20210208 08:41:47.277"></status>
</kw>
<status status="PASS" starttime="20210208 08:41:47.276" endtime="20210208 08:41:47.277"></status>
</kw>
<kw name="${postobject} = {'userId': 4, 'id': 36, 'title': 'fuga nam accusamus voluptas reiciendis itaque', 'body': 'ad mollitia et omnis minus architecto odit\nvoluptas doloremque maxime aut non ipsa qui alias veniam\nblandit..." type="foritem">
<kw name="Get Dictionary Keys" library="Collections">
<doc>Returns keys of the given ``dictionary`` as a list.</doc>
<arguments>
<arg>${postobject}</arg>
<arg>sort_keys=False</arg>
</arguments>
<assign>
<var>${unsortedPostKey}</var>
</assign>
<msg timestamp="20210208 08:41:47.277" level="INFO">${unsortedPostKey} = ['userId', 'id', 'title', 'body']</msg>
<status status="PASS" starttime="20210208 08:41:47.277" endtime="20210208 08:41:47.277"></status>
</kw>
<kw name="Lists Should Be Equal" library="Collections">
<doc>Fails if given lists are unequal.</doc>
<arguments>
<arg>${unsortedPostKey}</arg>
<arg>${postKeyList}</arg>
</arguments>
<status status="PASS" starttime="20210208 08:41:47.277" endtime="20210208 08:41:47.277"></status>
</kw>
<status status="PASS" starttime="20210208 08:41:47.277" endtime="20210208 08:41:47.277"></status>
</kw>
<kw name="${postobject} = {'userId': 4, 'id': 37, 'title': 'provident vel ut sit ratione est', 'body': 'debitis et eaque non officia sed nesciunt pariatur vel\nvoluptatem iste vero et ea\nnumquam aut expedita ipsum nulla in\nv..." type="foritem">
<kw name="Get Dictionary Keys" library="Collections">
<doc>Returns keys of the given ``dictionary`` as a list.</doc>
<arguments>
<arg>${postobject}</arg>
<arg>sort_keys=False</arg>
</arguments>
<assign>
<var>${unsortedPostKey}</var>
</assign>
<msg timestamp="20210208 08:41:47.278" level="INFO">${unsortedPostKey} = ['userId', 'id', 'title', 'body']</msg>
<status status="PASS" starttime="20210208 08:41:47.278" endtime="20210208 08:41:47.278"></status>
</kw>
<kw name="Lists Should Be Equal" library="Collections">
<doc>Fails if given lists are unequal.</doc>
<arguments>
<arg>${unsortedPostKey}</arg>
<arg>${postKeyList}</arg>
</arguments>
<status status="PASS" starttime="20210208 08:41:47.278" endtime="20210208 08:41:47.278"></status>
</kw>
<status status="PASS" starttime="20210208 08:41:47.277" endtime="20210208 08:41:47.278"></status>
</kw>
<kw name="${postobject} = {'userId': 4, 'id': 38, 'title': 'explicabo et eos deleniti nostrum ab id repellendus', 'body': 'animi esse sit aut sit nesciunt assumenda eum voluptas\nquia voluptatibus provident quia necessitatibus..." type="foritem">
<kw name="Get Dictionary Keys" library="Collections">
<doc>Returns keys of the given ``dictionary`` as a list.</doc>
<arguments>
<arg>${postobject}</arg>
<arg>sort_keys=False</arg>
</arguments>
<assign>
<var>${unsortedPostKey}</var>
</assign>
<msg timestamp="20210208 08:41:47.278" level="INFO">${unsortedPostKey} = ['userId', 'id', 'title', 'body']</msg>
<status status="PASS" starttime="20210208 08:41:47.278" endtime="20210208 08:41:47.279"></status>
</kw>
<kw name="Lists Should Be Equal" library="Collections">
<doc>Fails if given lists are unequal.</doc>
<arguments>
<arg>${unsortedPostKey}</arg>
<arg>${postKeyList}</arg>
</arguments>
<status status="PASS" starttime="20210208 08:41:47.279" endtime="20210208 08:41:47.279"></status>
</kw>
<status status="PASS" starttime="20210208 08:41:47.278" endtime="20210208 08:41:47.279"></status>
</kw>
<kw name="${postobject} = {'userId': 4, 'id': 39, 'title': 'eos dolorem iste accusantium est eaque quam', 'body': 'corporis rerum ducimus vel eum accusantium\nmaxime aspernatur a porro possimus iste omnis\nest in deleniti aspe..." type="foritem">
<kw name="Get Dictionary Keys" library="Collections">
<doc>Returns keys of the given ``dictionary`` as a list.</doc>
<arguments>
<arg>${postobject}</arg>
<arg>sort_keys=False</arg>
</arguments>
<assign>
<var>${unsortedPostKey}</var>
</assign>
<msg timestamp="20210208 08:41:47.279" level="INFO">${unsortedPostKey} = ['userId', 'id', 'title', 'body']</msg>
<status status="PASS" starttime="20210208 08:41:47.279" endtime="20210208 08:41:47.279"></status>
</kw>
<kw name="Lists Should Be Equal" library="Collections">
<doc>Fails if given lists are unequal.</doc>
<arguments>
<arg>${unsortedPostKey}</arg>
<arg>${postKeyList}</arg>
</arguments>
<status status="PASS" starttime="20210208 08:41:47.279" endtime="20210208 08:41:47.280"></status>
</kw>
<status status="PASS" starttime="20210208 08:41:47.279" endtime="20210208 08:41:47.280"></status>
</kw>
<kw name="${postobject} = {'userId': 4, 'id': 40, 'title': 'enim quo cumque', 'body': 'ut voluptatum aliquid illo tenetur nemo sequi quo facilis\nipsum rem optio mollitia quas\nvoluptatem eum voluptas qui\nunde omnis voluptate..." type="foritem">
<kw name="Get Dictionary Keys" library="Collections">
<doc>Returns keys of the given ``dictionary`` as a list.</doc>
<arguments>
<arg>${postobject}</arg>
<arg>sort_keys=False</arg>
</arguments>
<assign>
<var>${unsortedPostKey}</var>
</assign>
<msg timestamp="20210208 08:41:47.280" level="INFO">${unsortedPostKey} = ['userId', 'id', 'title', 'body']</msg>
<status status="PASS" starttime="20210208 08:41:47.280" endtime="20210208 08:41:47.280"></status>
</kw>
<kw name="Lists Should Be Equal" library="Collections">
<doc>Fails if given lists are unequal.</doc>
<arguments>
<arg>${unsortedPostKey}</arg>
<arg>${postKeyList}</arg>
</arguments>
<status status="PASS" starttime="20210208 08:41:47.280" endtime="20210208 08:41:47.280"></status>
</kw>
<status status="PASS" starttime="20210208 08:41:47.280" endtime="20210208 08:41:47.280"></status>
</kw>
<kw name="${postobject} = {'userId': 5, 'id': 41, 'title': 'non est facere', 'body': 'molestias id nostrum\nexcepturi molestiae dolore omnis repellendus quaerat saepe\nconsectetur iste quaerat tenetur asperiores accusamus ex u..." type="foritem">
<kw name="Get Dictionary Keys" library="Collections">
<doc>Returns keys of the given ``dictionary`` as a list.</doc>
<arguments>
<arg>${postobject}</arg>
<arg>sort_keys=False</arg>
</arguments>
<assign>
<var>${unsortedPostKey}</var>
</assign>
<msg timestamp="20210208 08:41:47.281" level="INFO">${unsortedPostKey} = ['userId', 'id', 'title', 'body']</msg>
<status status="PASS" starttime="20210208 08:41:47.281" endtime="20210208 08:41:47.281"></status>
</kw>
<kw name="Lists Should Be Equal" library="Collections">
<doc>Fails if given lists are unequal.</doc>
<arguments>
<arg>${unsortedPostKey}</arg>
<arg>${postKeyList}</arg>
</arguments>
<status status="PASS" starttime="20210208 08:41:47.281" endtime="20210208 08:41:47.281"></status>
</kw>
<status status="PASS" starttime="20210208 08:41:47.281" endtime="20210208 08:41:47.282"></status>
</kw>
<kw name="${postobject} = {'userId': 5, 'id': 42, 'title': 'commodi ullam sint et excepturi error explicabo praesentium voluptas', 'body': 'odio fugit voluptatum ducimus earum autem est incidunt voluptatem\nodit reiciendis ali..." type="foritem">
<kw name="Get Dictionary Keys" library="Collections">
<doc>Returns keys of the given ``dictionary`` as a list.</doc>
<arguments>
<arg>${postobject}</arg>
<arg>sort_keys=False</arg>
</arguments>
<assign>
<var>${unsortedPostKey}</var>
</assign>
<msg timestamp="20210208 08:41:47.282" level="INFO">${unsortedPostKey} = ['userId', 'id', 'title', 'body']</msg>
<status status="PASS" starttime="20210208 08:41:47.282" endtime="20210208 08:41:47.282"></status>
</kw>
<kw name="Lists Should Be Equal" library="Collections">
<doc>Fails if given lists are unequal.</doc>
<arguments>
<arg>${unsortedPostKey}</arg>
<arg>${postKeyList}</arg>
</arguments>
<status status="PASS" starttime="20210208 08:41:47.282" endtime="20210208 08:41:47.282"></status>
</kw>
<status status="PASS" starttime="20210208 08:41:47.282" endtime="20210208 08:41:47.282"></status>
</kw>
<kw name="${postobject} = {'userId': 5, 'id': 43, 'title': 'eligendi iste nostrum consequuntur adipisci praesentium sit beatae perferendis', 'body': 'similique fugit est\nillum et dolorum harum et voluptate eaque quidem\nexerc..." type="foritem">
<kw name="Get Dictionary Keys" library="Collections">
<doc>Returns keys of the given ``dictionary`` as a list.</doc>
<arguments>
<arg>${postobject}</arg>
<arg>sort_keys=False</arg>
</arguments>
<assign>
<var>${unsortedPostKey}</var>
</assign>
<msg timestamp="20210208 08:41:47.283" level="INFO">${unsortedPostKey} = ['userId', 'id', 'title', 'body']</msg>
<status status="PASS" starttime="20210208 08:41:47.283" endtime="20210208 08:41:47.283"></status>
</kw>
<kw name="Lists Should Be Equal" library="Collections">
<doc>Fails if given lists are unequal.</doc>
<arguments>
<arg>${unsortedPostKey}</arg>
<arg>${postKeyList}</arg>
</arguments>
<status status="PASS" starttime="20210208 08:41:47.283" endtime="20210208 08:41:47.283"></status>
</kw>
<status status="PASS" starttime="20210208 08:41:47.282" endtime="20210208 08:41:47.283"></status>
</kw>
<kw name="${postobject} = {'userId': 5, 'id': 44, 'title': 'optio dolor molestias sit', 'body': 'temporibus est consectetur dolore\net libero debitis vel velit laboriosam quia\nipsum quibusdam qui itaque fuga rem aut\nea et iu..." type="foritem">
<kw name="Get Dictionary Keys" library="Collections">
<doc>Returns keys of the given ``dictionary`` as a list.</doc>
<arguments>
<arg>${postobject}</arg>
<arg>sort_keys=False</arg>
</arguments>
<assign>
<var>${unsortedPostKey}</var>
</assign>
<msg timestamp="20210208 08:41:47.284" level="INFO">${unsortedPostKey} = ['userId', 'id', 'title', 'body']</msg>
<status status="PASS" starttime="20210208 08:41:47.283" endtime="20210208 08:41:47.284"></status>
</kw>
<kw name="Lists Should Be Equal" library="Collections">
<doc>Fails if given lists are unequal.</doc>
<arguments>
<arg>${unsortedPostKey}</arg>
<arg>${postKeyList}</arg>
</arguments>
<status status="PASS" starttime="20210208 08:41:47.284" endtime="20210208 08:41:47.284"></status>
</kw>
<status status="PASS" starttime="20210208 08:41:47.283" endtime="20210208 08:41:47.284"></status>
</kw>
<kw name="${postobject} = {'userId': 5, 'id': 45, 'title': 'ut numquam possimus omnis eius suscipit laudantium iure', 'body': 'est natus reiciendis nihil possimus aut provident\nex et dolor\nrepellat pariatur est\nnobis rerum ..." type="foritem">
<kw name="Get Dictionary Keys" library="Collections">
<doc>Returns keys of the given ``dictionary`` as a list.</doc>
<arguments>
<arg>${postobject}</arg>
<arg>sort_keys=False</arg>
</arguments>
<assign>
<var>${unsortedPostKey}</var>
</assign>
<msg timestamp="20210208 08:41:47.284" level="INFO">${unsortedPostKey} = ['userId', 'id', 'title', 'body']</msg>
<status status="PASS" starttime="20210208 08:41:47.284" endtime="20210208 08:41:47.284"></status>
</kw>
<kw name="Lists Should Be Equal" library="Collections">
<doc>Fails if given lists are unequal.</doc>
<arguments>
<arg>${unsortedPostKey}</arg>
<arg>${postKeyList}</arg>
</arguments>
<status status="PASS" starttime="20210208 08:41:47.285" endtime="20210208 08:41:47.285"></status>
</kw>
<status status="PASS" starttime="20210208 08:41:47.284" endtime="20210208 08:41:47.285"></status>
</kw>
<kw name="${postobject} = {'userId': 5, 'id': 46, 'title': 'aut quo modi neque nostrum ducimus', 'body': 'voluptatem quisquam iste\nvoluptatibus natus officiis facilis dolorem\nquis quas ipsam\nvel et voluptatum in aliquid'}" type="foritem">
<kw name="Get Dictionary Keys" library="Collections">
<doc>Returns keys of the given ``dictionary`` as a list.</doc>
<arguments>
<arg>${postobject}</arg>
<arg>sort_keys=False</arg>
</arguments>
<assign>
<var>${unsortedPostKey}</var>
</assign>
<msg timestamp="20210208 08:41:47.285" level="INFO">${unsortedPostKey} = ['userId', 'id', 'title', 'body']</msg>
<status status="PASS" starttime="20210208 08:41:47.285" endtime="20210208 08:41:47.285"></status>
</kw>
<kw name="Lists Should Be Equal" library="Collections">
<doc>Fails if given lists are unequal.</doc>
<arguments>
<arg>${unsortedPostKey}</arg>
<arg>${postKeyList}</arg>
</arguments>
<status status="PASS" starttime="20210208 08:41:47.285" endtime="20210208 08:41:47.285"></status>
</kw>
<status status="PASS" starttime="20210208 08:41:47.285" endtime="20210208 08:41:47.285"></status>
</kw>
<kw name="${postobject} = {'userId': 5, 'id': 47, 'title': 'quibusdam cumque rem aut deserunt', 'body': 'voluptatem assumenda ut qui ut cupiditate aut impedit veniam\noccaecati nemo illum voluptatem laudantium\nmolestiae beata..." type="foritem">
<kw name="Get Dictionary Keys" library="Collections">
<doc>Returns keys of the given ``dictionary`` as a list.</doc>
<arguments>
<arg>${postobject}</arg>
<arg>sort_keys=False</arg>
</arguments>
<assign>
<var>${unsortedPostKey}</var>
</assign>
<msg timestamp="20210208 08:41:47.286" level="INFO">${unsortedPostKey} = ['userId', 'id', 'title', 'body']</msg>
<status status="PASS" starttime="20210208 08:41:47.286" endtime="20210208 08:41:47.286"></status>
</kw>
<kw name="Lists Should Be Equal" library="Collections">
<doc>Fails if given lists are unequal.</doc>
<arguments>
<arg>${unsortedPostKey}</arg>
<arg>${postKeyList}</arg>
</arguments>
<status status="PASS" starttime="20210208 08:41:47.286" endtime="20210208 08:41:47.286"></status>
</kw>
<status status="PASS" starttime="20210208 08:41:47.286" endtime="20210208 08:41:47.286"></status>
</kw>
<kw name="${postobject} = {'userId': 5, 'id': 48, 'title': 'ut voluptatem illum ea doloribus itaque eos', 'body': 'voluptates quo voluptatem facilis iure occaecati\nvel assumenda rerum officia et\nillum perspiciatis ab delenit..." type="foritem">
<kw name="Get Dictionary Keys" library="Collections">
<doc>Returns keys of the given ``dictionary`` as a list.</doc>
<arguments>
<arg>${postobject}</arg>
<arg>sort_keys=False</arg>
</arguments>
<assign>
<var>${unsortedPostKey}</var>
</assign>
<msg timestamp="20210208 08:41:47.287" level="INFO">${unsortedPostKey} = ['userId', 'id', 'title', 'body']</msg>
<status status="PASS" starttime="20210208 08:41:47.286" endtime="20210208 08:41:47.287"></status>
</kw>
<kw name="Lists Should Be Equal" library="Collections">
<doc>Fails if given lists are unequal.</doc>
<arguments>
<arg>${unsortedPostKey}</arg>
<arg>${postKeyList}</arg>
</arguments>
<status status="PASS" starttime="20210208 08:41:47.287" endtime="20210208 08:41:47.287"></status>
</kw>
<status status="PASS" starttime="20210208 08:41:47.286" endtime="20210208 08:41:47.287"></status>
</kw>
<kw name="${postobject} = {'userId': 5, 'id': 49, 'title': 'laborum non sunt aut ut assumenda perspiciatis voluptas', 'body': 'inventore ab sint\nnatus fugit id nulla sequi architecto nihil quaerat\neos tenetur in in eum verit..." type="foritem">
<kw name="Get Dictionary Keys" library="Collections">
<doc>Returns keys of the given ``dictionary`` as a list.</doc>
<arguments>
<arg>${postobject}</arg>
<arg>sort_keys=False</arg>
</arguments>
<assign>
<var>${unsortedPostKey}</var>
</assign>
<msg timestamp="20210208 08:41:47.287" level="INFO">${unsortedPostKey} = ['userId', 'id', 'title', 'body']</msg>
<status status="PASS" starttime="20210208 08:41:47.287" endtime="20210208 08:41:47.287"></status>
</kw>
<kw name="Lists Should Be Equal" library="Collections">
<doc>Fails if given lists are unequal.</doc>
<arguments>
<arg>${unsortedPostKey}</arg>
<arg>${postKeyList}</arg>
</arguments>
<status status="PASS" starttime="20210208 08:41:47.288" endtime="20210208 08:41:47.288"></status>
</kw>
<status status="PASS" starttime="20210208 08:41:47.287" endtime="20210208 08:41:47.288"></status>
</kw>
<kw name="${postobject} = {'userId': 5, 'id': 50, 'title': 'repellendus qui recusandae incidunt voluptates tenetur qui omnis exercitationem', 'body': 'error suscipit maxime adipisci consequuntur recusandae\nvoluptas eligendi e..." type="foritem">
<kw name="Get Dictionary Keys" library="Collections">
<doc>Returns keys of the given ``dictionary`` as a list.</doc>
<arguments>
<arg>${postobject}</arg>
<arg>sort_keys=False</arg>
</arguments>
<assign>
<var>${unsortedPostKey}</var>
</assign>
<msg timestamp="20210208 08:41:47.288" level="INFO">${unsortedPostKey} = ['userId', 'id', 'title', 'body']</msg>
<status status="PASS" starttime="20210208 08:41:47.288" endtime="20210208 08:41:47.288"></status>
</kw>
<kw name="Lists Should Be Equal" library="Collections">
<doc>Fails if given lists are unequal.</doc>
<arguments>
<arg>${unsortedPostKey}</arg>
<arg>${postKeyList}</arg>
</arguments>
<status status="PASS" starttime="20210208 08:41:47.288" endtime="20210208 08:41:47.288"></status>
</kw>
<status status="PASS" starttime="20210208 08:41:47.288" endtime="20210208 08:41:47.289"></status>
</kw>
<kw name="${postobject} = {'userId': 6, 'id': 51, 'title': 'soluta aliquam aperiam consequatur illo quis voluptas', 'body': 'sunt dolores aut doloribus\ndolore doloribus voluptates tempora et\ndoloremque et quo\ncum asperiores..." type="foritem">
<kw name="Get Dictionary Keys" library="Collections">
<doc>Returns keys of the given ``dictionary`` as a list.</doc>
<arguments>
<arg>${postobject}</arg>
<arg>sort_keys=False</arg>
</arguments>
<assign>
<var>${unsortedPostKey}</var>
</assign>
<msg timestamp="20210208 08:41:47.289" level="INFO">${unsortedPostKey} = ['userId', 'id', 'title', 'body']</msg>
<status status="PASS" starttime="20210208 08:41:47.289" endtime="20210208 08:41:47.289"></status>
</kw>
<kw name="Lists Should Be Equal" library="Collections">
<doc>Fails if given lists are unequal.</doc>
<arguments>
<arg>${unsortedPostKey}</arg>
<arg>${postKeyList}</arg>
</arguments>
<status status="PASS" starttime="20210208 08:41:47.289" endtime="20210208 08:41:47.289"></status>
</kw>
<status status="PASS" starttime="20210208 08:41:47.289" endtime="20210208 08:41:47.289"></status>
</kw>
<kw name="${postobject} = {'userId': 6, 'id': 52, 'title': 'qui enim et consequuntur quia animi quis voluptate quibusdam', 'body': 'iusto est quibusdam fuga quas quaerat molestias\na enim ut sit accusamus enim\ntemporibus iust..." type="foritem">
<kw name="Get Dictionary Keys" library="Collections">
<doc>Returns keys of the given ``dictionary`` as a list.</doc>
<arguments>
<arg>${postobject}</arg>
<arg>sort_keys=False</arg>
</arguments>
<assign>
<var>${unsortedPostKey}</var>
</assign>
<msg timestamp="20210208 08:41:47.290" level="INFO">${unsortedPostKey} = ['userId', 'id', 'title', 'body']</msg>
<status status="PASS" starttime="20210208 08:41:47.289" endtime="20210208 08:41:47.290"></status>
</kw>
<kw name="Lists Should Be Equal" library="Collections">
<doc>Fails if given lists are unequal.</doc>
<arguments>
<arg>${unsortedPostKey}</arg>
<arg>${postKeyList}</arg>
</arguments>
<status status="PASS" starttime="20210208 08:41:47.290" endtime="20210208 08:41:47.290"></status>
</kw>
<status status="PASS" starttime="20210208 08:41:47.289" endtime="20210208 08:41:47.290"></status>
</kw>
<kw name="${postobject} = {'userId': 6, 'id': 53, 'title': 'ut quo aut ducimus alias', 'body': 'minima harum praesentium eum rerum illo dolore\nquasi exercitationem rerum nam\nporro quis neque quo\nconsequatur minus dolor quid..." type="foritem">
<kw name="Get Dictionary Keys" library="Collections">
<doc>Returns keys of the given ``dictionary`` as a list.</doc>
<arguments>
<arg>${postobject}</arg>
<arg>sort_keys=False</arg>
</arguments>
<assign>
<var>${unsortedPostKey}</var>
</assign>
<msg timestamp="20210208 08:41:47.290" level="INFO">${unsortedPostKey} = ['userId', 'id', 'title', 'body']</msg>
<status status="PASS" starttime="20210208 08:41:47.290" endtime="20210208 08:41:47.290"></status>
</kw>
<kw name="Lists Should Be Equal" library="Collections">
<doc>Fails if given lists are unequal.</doc>
<arguments>
<arg>${unsortedPostKey}</arg>
<arg>${postKeyList}</arg>
</arguments>
<status status="PASS" starttime="20210208 08:41:47.291" endtime="20210208 08:41:47.291"></status>
</kw>
<status status="PASS" starttime="20210208 08:41:47.290" endtime="20210208 08:41:47.291"></status>
</kw>
<kw name="${postobject} = {'userId': 6, 'id': 54, 'title': 'sit asperiores ipsam eveniet odio non quia', 'body': 'totam corporis dignissimos\nvitae dolorem ut occaecati accusamus\nex velit deserunt\net exercitationem vero inci..." type="foritem">
<kw name="Get Dictionary Keys" library="Collections">
<doc>Returns keys of the given ``dictionary`` as a list.</doc>
<arguments>
<arg>${postobject}</arg>
<arg>sort_keys=False</arg>
</arguments>
<assign>
<var>${unsortedPostKey}</var>
</assign>
<msg timestamp="20210208 08:41:47.291" level="INFO">${unsortedPostKey} = ['userId', 'id', 'title', 'body']</msg>
<status status="PASS" starttime="20210208 08:41:47.291" endtime="20210208 08:41:47.291"></status>
</kw>
<kw name="Lists Should Be Equal" library="Collections">
<doc>Fails if given lists are unequal.</doc>
<arguments>
<arg>${unsortedPostKey}</arg>
<arg>${postKeyList}</arg>
</arguments>
<status status="PASS" starttime="20210208 08:41:47.291" endtime="20210208 08:41:47.291"></status>
</kw>
<status status="PASS" starttime="20210208 08:41:47.291" endtime="20210208 08:41:47.291"></status>
</kw>
<kw name="${postobject} = {'userId': 6, 'id': 55, 'title': 'sit vel voluptatem et non libero', 'body': 'debitis excepturi ea perferendis harum libero optio\neos accusamus cum fuga ut sapiente repudiandae\net ut incidunt omnis ..." type="foritem">
<kw name="Get Dictionary Keys" library="Collections">
<doc>Returns keys of the given ``dictionary`` as a list.</doc>
<arguments>
<arg>${postobject}</arg>
<arg>sort_keys=False</arg>
</arguments>
<assign>
<var>${unsortedPostKey}</var>
</assign>
<msg timestamp="20210208 08:41:47.292" level="INFO">${unsortedPostKey} = ['userId', 'id', 'title', 'body']</msg>
<status status="PASS" starttime="20210208 08:41:47.292" endtime="20210208 08:41:47.292"></status>
</kw>
<kw name="Lists Should Be Equal" library="Collections">
<doc>Fails if given lists are unequal.</doc>
<arguments>
<arg>${unsortedPostKey}</arg>
<arg>${postKeyList}</arg>
</arguments>
<status status="PASS" starttime="20210208 08:41:47.292" endtime="20210208 08:41:47.292"></status>
</kw>
<status status="PASS" starttime="20210208 08:41:47.292" endtime="20210208 08:41:47.292"></status>
</kw>
<kw name="${postobject} = {'userId': 6, 'id': 56, 'title': 'qui et at rerum necessitatibus', 'body': 'aut est omnis dolores\nneque rerum quod ea rerum velit pariatur beatae excepturi\net provident voluptas corrupti\ncorporis h..." type="foritem">
<kw name="Get Dictionary Keys" library="Collections">
<doc>Returns keys of the given ``dictionary`` as a list.</doc>
<arguments>
<arg>${postobject}</arg>
<arg>sort_keys=False</arg>
</arguments>
<assign>
<var>${unsortedPostKey}</var>
</assign>
<msg timestamp="20210208 08:41:47.293" level="INFO">${unsortedPostKey} = ['userId', 'id', 'title', 'body']</msg>
<status status="PASS" starttime="20210208 08:41:47.292" endtime="20210208 08:41:47.293"></status>
</kw>
<kw name="Lists Should Be Equal" library="Collections">
<doc>Fails if given lists are unequal.</doc>
<arguments>
<arg>${unsortedPostKey}</arg>
<arg>${postKeyList}</arg>
</arguments>
<status status="PASS" starttime="20210208 08:41:47.293" endtime="20210208 08:41:47.293"></status>
</kw>
<status status="PASS" starttime="20210208 08:41:47.292" endtime="20210208 08:41:47.293"></status>
</kw>
<kw name="${postobject} = {'userId': 6, 'id': 57, 'title': 'sed ab est est', 'body': 'at pariatur consequuntur earum quidem\nquo est laudantium soluta voluptatem\nqui ullam et est\net cum voluptas voluptatum repellat est'}" type="foritem">
<kw name="Get Dictionary Keys" library="Collections">
<doc>Returns keys of the given ``dictionary`` as a list.</doc>
<arguments>
<arg>${postobject}</arg>
<arg>sort_keys=False</arg>
</arguments>
<assign>
<var>${unsortedPostKey}</var>
</assign>
<msg timestamp="20210208 08:41:47.293" level="INFO">${unsortedPostKey} = ['userId', 'id', 'title', 'body']</msg>
<status status="PASS" starttime="20210208 08:41:47.293" endtime="20210208 08:41:47.293"></status>
</kw>
<kw name="Lists Should Be Equal" library="Collections">
<doc>Fails if given lists are unequal.</doc>
<arguments>
<arg>${unsortedPostKey}</arg>
<arg>${postKeyList}</arg>
</arguments>
<status status="PASS" starttime="20210208 08:41:47.293" endtime="20210208 08:41:47.294"></status>
</kw>
<status status="PASS" starttime="20210208 08:41:47.293" endtime="20210208 08:41:47.294"></status>
</kw>
<kw name="${postobject} = {'userId': 6, 'id': 58, 'title': 'voluptatum itaque dolores nisi et quasi', 'body': 'veniam voluptatum quae adipisci id\net id quia eos ad et dolorem\naliquam quo nisi sunt eos impedit error\nad simil..." type="foritem">
<kw name="Get Dictionary Keys" library="Collections">
<doc>Returns keys of the given ``dictionary`` as a list.</doc>
<arguments>
<arg>${postobject}</arg>
<arg>sort_keys=False</arg>
</arguments>
<assign>
<var>${unsortedPostKey}</var>
</assign>
<msg timestamp="20210208 08:41:47.294" level="INFO">${unsortedPostKey} = ['userId', 'id', 'title', 'body']</msg>
<status status="PASS" starttime="20210208 08:41:47.294" endtime="20210208 08:41:47.294"></status>
</kw>
<kw name="Lists Should Be Equal" library="Collections">
<doc>Fails if given lists are unequal.</doc>
<arguments>
<arg>${unsortedPostKey}</arg>
<arg>${postKeyList}</arg>
</arguments>
<status status="PASS" starttime="20210208 08:41:47.294" endtime="20210208 08:41:47.294"></status>
</kw>
<status status="PASS" starttime="20210208 08:41:47.294" endtime="20210208 08:41:47.294"></status>
</kw>
<kw name="${postobject} = {'userId': 6, 'id': 59, 'title': 'qui commodi dolor at maiores et quis id accusantium', 'body': 'perspiciatis et quam ea autem temporibus non voluptatibus qui\nbeatae a earum officia nesciunt dolores ..." type="foritem">
<kw name="Get Dictionary Keys" library="Collections">
<doc>Returns keys of the given ``dictionary`` as a list.</doc>
<arguments>
<arg>${postobject}</arg>
<arg>sort_keys=False</arg>
</arguments>
<assign>
<var>${unsortedPostKey}</var>
</assign>
<msg timestamp="20210208 08:41:47.295" level="INFO">${unsortedPostKey} = ['userId', 'id', 'title', 'body']</msg>
<status status="PASS" starttime="20210208 08:41:47.295" endtime="20210208 08:41:47.295"></status>
</kw>
[...]
<arguments>
<arg>${title[0]}</arg>
<arg>${titleValue}</arg>
</arguments>
<status status="PASS" starttime="20210208 08:41:48.227" endtime="20210208 08:41:48.228"></status>
</kw>
<kw name="Get Value From Json" library="JSONLibrary">
<doc>Get Value From JSON using JSONPath</doc>
<arguments>
<arg>${jsonResponse}</arg>
<arg>$..id</arg>
</arguments>
<assign>
<var>${id}</var>
</assign>
<msg timestamp="20210208 08:41:48.250" level="INFO">${id} = [1]</msg>
<status status="PASS" starttime="20210208 08:41:48.228" endtime="20210208 08:41:48.250"></status>
</kw>
<kw name="Should Be Equal As Strings" library="BuiltIn">
<doc>Fails if objects are unequal after converting them to strings.</doc>
<arguments>
<arg>${id[0]}</arg>
<arg>${postId[0]}</arg>
</arguments>
<msg timestamp="20210208 08:41:48.250" level="INFO">Argument types are:
&lt;class 'int'&gt;
&lt;type 'unicode'&gt;</msg>
<status status="PASS" starttime="20210208 08:41:48.250" endtime="20210208 08:41:48.250"></status>
</kw>
<status status="PASS" starttime="20210208 08:41:48.154" endtime="20210208 08:41:48.251"></status>
</kw>
<doc>verifies success along with postid and title in response</doc>
<tags>
<tag>postRoute</tag>
</tags>
<status status="PASS" starttime="20210208 08:41:48.152" endtime="20210208 08:41:48.251" critical="yes"></status>
</test>
<test id="s1-s1-t12" name="Check post for incorrect post id and title with query parameter">
<kw name="GET post API response for incorrect post id and title with query parameter" library="GetPostApi">
<arguments>
<arg>${INVALID_POSTID}</arg>
<arg>${INCORRECT_POST_TITLE}</arg>
</arguments>
<kw name="Create Dictionary" library="BuiltIn">
<doc>Creates and returns a dictionary based on the given ``items``.</doc>
<arguments>
<arg>id=${incorrectPostId[0]}</arg>
<arg>title=${incorrectTitleValue}</arg>
</arguments>
<assign>
<var>${param}</var>
</assign>
<msg timestamp="20210208 08:41:48.253" level="INFO">${param} = {'id': '101', 'title': '@abcd'}</msg>
<status status="PASS" starttime="20210208 08:41:48.252" endtime="20210208 08:41:48.253"></status>
</kw>
<kw name="Verify incorrect Query Param" library="GetPostApi">
<arguments>
<arg>${POST_RESOURCE}</arg>
<arg>${param}</arg>
</arguments>
<kw name="Wait Until Keyword Succeeds" library="BuiltIn">
<doc>Runs the specified keyword and retries if it fails.</doc>
<arguments>
<arg>${GLOBAL_RETRY_AMOUNT}</arg>
<arg>${GLOBAL_RETRY_INTERVAL}</arg>
<arg>GET API request with param</arg>
<arg>${Uri}</arg>
<arg>${Param}</arg>
</arguments>
<assign>
<var>${response}</var>
</assign>
<kw name="GET API request with param" library="GetPostApi">
<arguments>
<arg>${Uri}</arg>
<arg>${Param}</arg>
</arguments>
<kw name="Get On Session" library="RequestsLibrary">
<doc>Sends a GET request on a previously created HTTP Session.</doc>
<arguments>
<arg>jsonplaceholder</arg>
<arg>url=${Uri}</arg>
<arg>params=${QueryParam}</arg>
</arguments>
<assign>
<var>${response}</var>
</assign>
<msg timestamp="20210208 08:41:48.293" level="INFO">GET Request : url=http://jsonplaceholder.typicode.com/posts/?id=101&amp;title=%40abcd 
 path_url=/posts/?id=101&amp;title=%40abcd 
 headers={'User-Agent': 'python-requests/2.25.1', 'Accept-Encoding': 'gzip, deflate', 'Accept': '*/*', 'Connection': 'keep-alive', 'Cookie': '__cfduid=ddf19f34670624b84ec1895b16dc27c461612791707'} 
 body=None 
 </msg>
<msg timestamp="20210208 08:41:48.293" level="INFO">GET Response : url=http://jsonplaceholder.typicode.com/posts/?id=101&amp;title=%40abcd 
 status=200, reason=OK 
 headers={'Date': 'Mon, 08 Feb 2021 13:41:48 GMT', 'Content-Type': 'application/json; charset=utf-8', 'Content-Length': '2', 'Connection': 'keep-alive', 'X-Powered-By': 'Express', 'X-Ratelimit-Limit': '1000', 'X-Ratelimit-Remaining': '988', 'X-Ratelimit-Reset': '1612791599', 'Vary': 'Origin, Accept-Encoding', 'Access-Control-Allow-Credentials': 'true', 'Cache-Control': 'max-age=43200', 'Pragma': 'no-cache', 'Expires': '-1', 'X-Content-Type-Options': 'nosniff', 'Etag': 'W/"2-l9Fw4VUO7kr8CvBlt4zaMCqXZ0w"', 'Via': '1.1 vegur', 'CF-Cache-Status': 'HIT', 'Age': '127', 'Accept-Ranges': 'bytes', 'cf-request-id': '082379927f0000e7483f1b1000000001', 'Report-To': '{"endpoints":[{"url":"https:\\/\\/a.nel.cloudflare.com\\/report?s=ZOJhYoRA2NhMkfLgE3Vyk1JxB4ZH62ORNPJd2eDY%2F%2BYZmxVIbBHFwJ2P%2BmBtmljpNvtEtvu4MAUOQ3xAtG3Lcodym9Eb9T9b8inx88vvotVtVmp1oKaZ9zaLrTmh"}],"group":"cf-nel","max_age":604800}', 'NEL': '{"report_to":"cf-nel","max_age":604800}', 'Server': 'cloudflare', 'CF-RAY': '61e5c530cb27e748-EWR'} 
 body=[] 
 </msg>
<msg timestamp="20210208 08:41:48.293" level="INFO">${response} = &lt;Response [200]&gt;</msg>
<status status="PASS" starttime="20210208 08:41:48.254" endtime="20210208 08:41:48.294"></status>
</kw>
<timeout value="2 seconds"></timeout>
<status status="PASS" starttime="20210208 08:41:48.253" endtime="20210208 08:41:48.294"></status>
</kw>
<msg timestamp="20210208 08:41:48.294" level="INFO">${response} = &lt;Response [200]&gt;</msg>
<status status="PASS" starttime="20210208 08:41:48.253" endtime="20210208 08:41:48.294"></status>
</kw>
<kw name="GET Json response" library="GetPostApi">
<arguments>
<arg>${response}</arg>
</arguments>
<assign>
<var>${jsonResponse}</var>
</assign>
<kw name="Should Be Equal As Strings" library="BuiltIn">
<doc>Fails if objects are unequal after converting them to strings.</doc>
<arguments>
<arg>${response.status_code},${response.reason}</arg>
<arg>${GET_SUCCESS}</arg>
</arguments>
<status status="PASS" starttime="20210208 08:41:48.295" endtime="20210208 08:41:48.296"></status>
</kw>
<kw name="Convert String to JSON" library="JSONLibrary">
<doc>Convert String to JSON object</doc>
<arguments>
<arg>${response.content}</arg>
</arguments>
<assign>
<var>${jsonObject}</var>
</assign>
<msg timestamp="20210208 08:41:48.297" level="INFO">${jsonObject} = []</msg>
<status status="PASS" starttime="20210208 08:41:48.296" endtime="20210208 08:41:48.297"></status>
</kw>
<msg timestamp="20210208 08:41:48.297" level="INFO">${jsonResponse} = []</msg>
<status status="PASS" starttime="20210208 08:41:48.294" endtime="20210208 08:41:48.297"></status>
</kw>
<kw name="Should Be Empty" library="BuiltIn">
<doc>Verifies that the given item is empty.</doc>
<arguments>
<arg>${jsonResponse}</arg>
</arguments>
<msg timestamp="20210208 08:41:48.298" level="INFO">Length is 0</msg>
<status status="PASS" starttime="20210208 08:41:48.297" endtime="20210208 08:41:48.298"></status>
</kw>
<status status="PASS" starttime="20210208 08:41:48.253" endtime="20210208 08:41:48.298"></status>
</kw>
<status status="PASS" starttime="20210208 08:41:48.252" endtime="20210208 08:41:48.298"></status>
</kw>
<doc>Verifies success along with empty response</doc>
<tags>
<tag>postRoute</tag>
</tags>
<status status="PASS" starttime="20210208 08:41:48.251" endtime="20210208 08:41:48.298" critical="yes"></status>
</test>
<test id="s1-s1-t13" name="Check post comments for specific email id with query parameter">
<kw name="GET API response for post with specific email" library="GetPostApi">
<arguments>
<arg>${VALID_POSTID}</arg>
<arg>${EMAIL}</arg>
</arguments>
<kw name="Create Dictionary" library="BuiltIn">
<doc>Creates and returns a dictionary based on the given ``items``.</doc>
<arguments>
<arg>email=${validEmailId}</arg>
</arguments>
<assign>
<var>${param}</var>
</assign>
<msg timestamp="20210208 08:41:48.301" level="INFO">${param} = {'email': 'Hayden@althea.biz'}</msg>
<status status="PASS" starttime="20210208 08:41:48.301" endtime="20210208 08:41:48.301"></status>
</kw>
<kw name="Wait Until Keyword Succeeds" library="BuiltIn">
<doc>Runs the specified keyword and retries if it fails.</doc>
<arguments>
<arg>${GLOBAL_RETRY_AMOUNT}</arg>
<arg>${GLOBAL_RETRY_INTERVAL}</arg>
<arg>GET API request with param</arg>
<arg>${POST_RESOURCE}${postId[0]}${COMMENTS_RESOURCE}</arg>
<arg>${param}</arg>
</arguments>
<assign>
<var>${response}</var>
</assign>
<kw name="GET API request with param" library="GetPostApi">
<arguments>
<arg>${POST_RESOURCE}${postId[0]}${COMMENTS_RESOURCE}</arg>
<arg>${param}</arg>
</arguments>
<kw name="Get On Session" library="RequestsLibrary">
<doc>Sends a GET request on a previously created HTTP Session.</doc>
<arguments>
<arg>jsonplaceholder</arg>
<arg>url=${Uri}</arg>
<arg>params=${QueryParam}</arg>
</arguments>
<assign>
<var>${response}</var>
</assign>
<msg timestamp="20210208 08:41:48.328" level="INFO">GET Request : url=http://jsonplaceholder.typicode.com/posts/1/comments?email=Hayden%40althea.biz 
 path_url=/posts/1/comments?email=Hayden%40althea.biz 
 headers={'User-Agent': 'python-requests/2.25.1', 'Accept-Encoding': 'gzip, deflate', 'Accept': '*/*', 'Connection': 'keep-alive', 'Cookie': '__cfduid=ddf19f34670624b84ec1895b16dc27c461612791707'} 
 body=None 
 </msg>
<msg timestamp="20210208 08:41:48.329" level="INFO">GET Response : url=http://jsonplaceholder.typicode.com/posts/1/comments?email=Hayden%40althea.biz 
 status=200, reason=OK 
 headers={'Date': 'Mon, 08 Feb 2021 13:41:48 GMT', 'Content-Type': 'application/json; charset=utf-8', 'Transfer-Encoding': 'chunked', 'Connection': 'keep-alive', 'X-Powered-By': 'Express', 'X-Ratelimit-Limit': '1000', 'X-Ratelimit-Remaining': '987', 'X-Ratelimit-Reset': '1612791599', 'Vary': 'Origin, Accept-Encoding', 'Access-Control-Allow-Credentials': 'true', 'Cache-Control': 'max-age=43200', 'Pragma': 'no-cache', 'Expires': '-1', 'X-Content-Type-Options': 'nosniff', 'Etag': 'W/"116-P7BtySmelhRUOzIBE1sWWjNtSmw"', 'Via': '1.1 vegur', 'CF-Cache-Status': 'HIT', 'Age': '127', 'cf-request-id': '08237992b10000e7483b1bc000000001', 'Report-To': '{"endpoints":[{"url":"https:\\/\\/a.nel.cloudflare.com\\/report?s=Av8KYhDfdE2FcSVFSc%2FUBiG6rYcnue9PSExk0oid1veKWCJWFz9vaLBiHZurua8%2BuD7ejIq49gjw6oS0CGV1%2BPaZMLrSFY6Ikxg%2BQqGfe5ijM5dMd4wgJ5MBajaf"}],"group":"cf-nel","max_age":604800}', 'NEL': '{"report_to":"cf-nel","max_age":604800}', 'Server': 'cloudflare', 'CF-RAY': '61e5c5311b8ae748-EWR', 'Content-Encoding': 'gzip'} 
 body=[
  {
    "postId": 1,
    "id": 5,
    "name": "vero eaque aliquid doloribus et culpa",
    "email": "Hayden@althea.biz",
    "body": "harum non quasi et ratione\ntempore iure ex voluptates in ratione\nharum architecto fugit inventore cupiditate\nvoluptates magni quo et"
  }
] 
 </msg>
<msg timestamp="20210208 08:41:48.329" level="INFO">${response} = &lt;Response [200]&gt;</msg>
<status status="PASS" starttime="20210208 08:41:48.303" endtime="20210208 08:41:48.329"></status>
</kw>
<timeout value="2 seconds"></timeout>
<status status="PASS" starttime="20210208 08:41:48.302" endtime="20210208 08:41:48.330"></status>
</kw>
<msg timestamp="20210208 08:41:48.330" level="INFO">${response} = &lt;Response [200]&gt;</msg>
<status status="PASS" starttime="20210208 08:41:48.301" endtime="20210208 08:41:48.330"></status>
</kw>
<kw name="GET Json response" library="GetPostApi">
<arguments>
<arg>${response}</arg>
</arguments>
<assign>
<var>${jsonResponse}</var>
</assign>
<kw name="Should Be Equal As Strings" library="BuiltIn">
<doc>Fails if objects are unequal after converting them to strings.</doc>
<arguments>
<arg>${response.status_code},${response.reason}</arg>
<arg>${GET_SUCCESS}</arg>
</arguments>
<status status="PASS" starttime="20210208 08:41:48.332" endtime="20210208 08:41:48.333"></status>
</kw>
<kw name="Convert String to JSON" library="JSONLibrary">
<doc>Convert String to JSON object</doc>
<arguments>
<arg>${response.content}</arg>
</arguments>
<assign>
<var>${jsonObject}</var>
</assign>
<msg timestamp="20210208 08:41:48.333" level="INFO">${jsonObject} = [{'postId': 1, 'id': 5, 'name': 'vero eaque aliquid doloribus et culpa', 'email': 'Hayden@althea.biz', 'body': 'harum non quasi et ratione\ntempore iure ex voluptates in ratione\nharum architecto fugi...</msg>
<status status="PASS" starttime="20210208 08:41:48.333" endtime="20210208 08:41:48.333"></status>
</kw>
<msg timestamp="20210208 08:41:48.334" level="INFO">${jsonResponse} = [{'postId': 1, 'id': 5, 'name': 'vero eaque aliquid doloribus et culpa', 'email': 'Hayden@althea.biz', 'body': 'harum non quasi et ratione\ntempore iure ex voluptates in ratione\nharum architecto fugi...</msg>
<status status="PASS" starttime="20210208 08:41:48.331" endtime="20210208 08:41:48.334"></status>
</kw>
<kw name="Get Value From Json" library="JSONLibrary">
<doc>Get Value From JSON using JSONPath</doc>
<arguments>
<arg>${jsonResponse}</arg>
<arg>$..email</arg>
</arguments>
<assign>
<var>${emailId}</var>
</assign>
<msg timestamp="20210208 08:41:48.365" level="INFO">${emailId} = ['Hayden@althea.biz']</msg>
<status status="PASS" starttime="20210208 08:41:48.334" endtime="20210208 08:41:48.365"></status>
</kw>
<kw name="Should Be Equal As Strings" library="BuiltIn">
<doc>Fails if objects are unequal after converting them to strings.</doc>
<arguments>
<arg>${emailId[0]}</arg>
<arg>${validEmailId}</arg>
</arguments>
<status status="PASS" starttime="20210208 08:41:48.365" endtime="20210208 08:41:48.366"></status>
</kw>
<status status="PASS" starttime="20210208 08:41:48.300" endtime="20210208 08:41:48.366"></status>
</kw>
<doc>Verifies success response along with email id in response</doc>
<tags>
<tag>postCommentsRoute</tag>
</tags>
<status status="PASS" starttime="20210208 08:41:48.299" endtime="20210208 08:41:48.366" critical="yes"></status>
</test>
<test id="s1-s1-t14" name="Check post comments response for incorrect email with query parameter">
<kw name="GET API response for all posts with incorrect email" library="GetPostApi">
<arguments>
<arg>${VALID_POSTID}</arg>
<arg>${INCORRECT_EMAIL}</arg>
</arguments>
<kw name="Create Dictionary" library="BuiltIn">
<doc>Creates and returns a dictionary based on the given ``items``.</doc>
<arguments>
<arg>email=${incorrectEmailId}</arg>
</arguments>
<assign>
<var>${param}</var>
</assign>
<msg timestamp="20210208 08:41:48.368" level="INFO">${param} = {'email': 'abc@gmail.com'}</msg>
<status status="PASS" starttime="20210208 08:41:48.367" endtime="20210208 08:41:48.368"></status>
</kw>
<kw name="Verify incorrect Query Param" library="GetPostApi">
<arguments>
<arg>${POST_RESOURCE}${postId[0]}${COMMENTS_RESOURCE}</arg>
<arg>${param}</arg>
</arguments>
<kw name="Wait Until Keyword Succeeds" library="BuiltIn">
<doc>Runs the specified keyword and retries if it fails.</doc>
<arguments>
<arg>${GLOBAL_RETRY_AMOUNT}</arg>
<arg>${GLOBAL_RETRY_INTERVAL}</arg>
<arg>GET API request with param</arg>
<arg>${Uri}</arg>
<arg>${Param}</arg>
</arguments>
<assign>
<var>${response}</var>
</assign>
<kw name="GET API request with param" library="GetPostApi">
<arguments>
<arg>${Uri}</arg>
<arg>${Param}</arg>
</arguments>
<kw name="Get On Session" library="RequestsLibrary">
<doc>Sends a GET request on a previously created HTTP Session.</doc>
<arguments>
<arg>jsonplaceholder</arg>
<arg>url=${Uri}</arg>
<arg>params=${QueryParam}</arg>
</arguments>
<assign>
<var>${response}</var>
</assign>
<msg timestamp="20210208 08:41:48.399" level="INFO">GET Request : url=http://jsonplaceholder.typicode.com/posts/1/comments?email=abc%40gmail.com 
 path_url=/posts/1/comments?email=abc%40gmail.com 
 headers={'User-Agent': 'python-requests/2.25.1', 'Accept-Encoding': 'gzip, deflate', 'Accept': '*/*', 'Connection': 'keep-alive', 'Cookie': '__cfduid=ddf19f34670624b84ec1895b16dc27c461612791707'} 
 body=None 
 </msg>
<msg timestamp="20210208 08:41:48.400" level="INFO">GET Response : url=http://jsonplaceholder.typicode.com/posts/1/comments?email=abc%40gmail.com 
 status=200, reason=OK 
 headers={'Date': 'Mon, 08 Feb 2021 13:41:48 GMT', 'Content-Type': 'application/json; charset=utf-8', 'Content-Length': '2', 'Connection': 'keep-alive', 'X-Powered-By': 'Express', 'X-Ratelimit-Limit': '1000', 'X-Ratelimit-Remaining': '986', 'X-Ratelimit-Reset': '1612791599', 'Vary': 'Origin, Accept-Encoding', 'Access-Control-Allow-Credentials': 'true', 'Cache-Control': 'max-age=43200', 'Pragma': 'no-cache', 'Expires': '-1', 'X-Content-Type-Options': 'nosniff', 'Etag': 'W/"2-l9Fw4VUO7kr8CvBlt4zaMCqXZ0w"', 'Via': '1.1 vegur', 'CF-Cache-Status': 'HIT', 'Age': '127', 'Accept-Ranges': 'bytes', 'cf-request-id': '08237992f30000e7485ca56000000001', 'Report-To': '{"endpoints":[{"url":"https:\\/\\/a.nel.cloudflare.com\\/report?s=%2Bkc3hQrvXALD%2BMiiIv4o1RrQJhc4%2FA2Pc7H0HOqBBxNDC057ozTgHfe166btzkjkgCf31Xmwa32IuYUdHkbgpPBuNSKikNiTmOtpFXQzJ30YieW4h78Ev73LlcXC"}],"group":"cf-nel","max_age":604800}', 'NEL': '{"report_to":"cf-nel","max_age":604800}', 'Server': 'cloudflare', 'CF-RAY': '61e5c5318c0be748-EWR'} 
 body=[] 
 </msg>
<msg timestamp="20210208 08:41:48.400" level="INFO">${response} = &lt;Response [200]&gt;</msg>
<status status="PASS" starttime="20210208 08:41:48.369" endtime="20210208 08:41:48.400"></status>
</kw>
<timeout value="2 seconds"></timeout>
<status status="PASS" starttime="20210208 08:41:48.369" endtime="20210208 08:41:48.401"></status>
</kw>
<msg timestamp="20210208 08:41:48.401" level="INFO">${response} = &lt;Response [200]&gt;</msg>
<status status="PASS" starttime="20210208 08:41:48.368" endtime="20210208 08:41:48.401"></status>
</kw>
<kw name="GET Json response" library="GetPostApi">
<arguments>
<arg>${response}</arg>
</arguments>
<assign>
<var>${jsonResponse}</var>
</assign>
<kw name="Should Be Equal As Strings" library="BuiltIn">
<doc>Fails if objects are unequal after converting them to strings.</doc>
<arguments>
<arg>${response.status_code},${response.reason}</arg>
<arg>${GET_SUCCESS}</arg>
</arguments>
<status status="PASS" starttime="20210208 08:41:48.403" endtime="20210208 08:41:48.404"></status>
</kw>
<kw name="Convert String to JSON" library="JSONLibrary">
<doc>Convert String to JSON object</doc>
<arguments>
<arg>${response.content}</arg>
</arguments>
<assign>
<var>${jsonObject}</var>
</assign>
<msg timestamp="20210208 08:41:48.405" level="INFO">${jsonObject} = []</msg>
<status status="PASS" starttime="20210208 08:41:48.404" endtime="20210208 08:41:48.405"></status>
</kw>
<msg timestamp="20210208 08:41:48.405" level="INFO">${jsonResponse} = []</msg>
<status status="PASS" starttime="20210208 08:41:48.401" endtime="20210208 08:41:48.405"></status>
</kw>
<kw name="Should Be Empty" library="BuiltIn">
<doc>Verifies that the given item is empty.</doc>
<arguments>
<arg>${jsonResponse}</arg>
</arguments>
<msg timestamp="20210208 08:41:48.406" level="INFO">Length is 0</msg>
<status status="PASS" starttime="20210208 08:41:48.406" endtime="20210208 08:41:48.406"></status>
</kw>
<status status="PASS" starttime="20210208 08:41:48.368" endtime="20210208 08:41:48.406"></status>
</kw>
<status status="PASS" starttime="20210208 08:41:48.367" endtime="20210208 08:41:48.407"></status>
</kw>
<doc>verifies success along with empty response</doc>
<tags>
<tag>postCommentsRoute</tag>
</tags>
<status status="PASS" starttime="20210208 08:41:48.366" endtime="20210208 08:41:48.407" critical="yes"></status>
</test>
<kw name="Suite Teardown" library="Common" type="teardown">
<kw name="Delete All Sessions" library="RequestsLibrary">
<doc>Removes all the session objects</doc>
<msg timestamp="20210208 08:41:48.409" level="INFO">Delete All Sessions</msg>
<status status="PASS" starttime="20210208 08:41:48.409" endtime="20210208 08:41:48.409"></status>
</kw>
<status status="PASS" starttime="20210208 08:41:48.409" endtime="20210208 08:41:48.409"></status>
</kw>
<doc>To verify HTTP GET requests scenarios for /posts route.</doc>
<status status="PASS" starttime="20210208 08:41:47.024" endtime="20210208 08:41:48.410"></status>
</suite>
<status status="PASS" starttime="20210208 08:41:46.993" endtime="20210208 08:41:48.413"></status>
</suite>
<statistics>
<total>
<stat pass="14" fail="0">Critical Tests</stat>
<stat pass="14" fail="0">All Tests</stat>
</total>
<tag>
<stat pass="4" fail="0">postCommentsRoute</stat>
<stat pass="10" fail="0">postRoute</stat>
</tag>
<suite>
<stat pass="14" fail="0" id="s1" name="Tests">Tests</stat>
<stat pass="14" fail="0" id="s1-s1" name="PostApiTest">Tests.PostApiTest</stat>
</suite>
</statistics>
<errors>
</errors>
</robot>
